Determining if the pthread_create exist failed with the following output:
Change Dir: /home/tobi/workspace/robot/src/cnc-msl/build-msl_keyboard_joystick-Desktop-Default/CMakeFiles/CMakeTmp

Run Build Command:/usr/bin/make "cmTryCompileExec1324532462/fast"
/usr/bin/make -f CMakeFiles/cmTryCompileExec1324532462.dir/build.make CMakeFiles/cmTryCompileExec1324532462.dir/build
make[1]: Entering directory `/home/tobi/workspace/robot/src/cnc-msl/build-msl_keyboard_joystick-Desktop-Default/CMakeFiles/CMakeTmp'
/usr/bin/cmake -E cmake_progress_report /home/tobi/workspace/robot/src/cnc-msl/build-msl_keyboard_joystick-Desktop-Default/CMakeFiles/CMakeTmp/CMakeFiles 1
Building C object CMakeFiles/cmTryCompileExec1324532462.dir/CheckSymbolExists.c.o
/usr/bin/cc    -o CMakeFiles/cmTryCompileExec1324532462.dir/CheckSymbolExists.c.o   -c /home/tobi/workspace/robot/src/cnc-msl/build-msl_keyboard_joystick-Desktop-Default/CMakeFiles/CMakeTmp/CheckSymbolExists.c
Linking C executable cmTryCompileExec1324532462
/usr/bin/cmake -E cmake_link_script CMakeFiles/cmTryCompileExec1324532462.dir/link.txt --verbose=1
/usr/bin/cc       CMakeFiles/cmTryCompileExec1324532462.dir/CheckSymbolExists.c.o  -o cmTryCompileExec1324532462 -rdynamic 
CMakeFiles/cmTryCompileExec1324532462.dir/CheckSymbolExists.c.o: In function `main':
CheckSymbolExists.c:(.text+0x16): undefined reference to `pthread_create'
collect2: error: ld returned 1 exit status
make[1]: *** [cmTryCompileExec1324532462] Error 1
make[1]: Leaving directory `/home/tobi/workspace/robot/src/cnc-msl/build-msl_keyboard_joystick-Desktop-Default/CMakeFiles/CMakeTmp'
make: *** [cmTryCompileExec1324532462/fast] Error 2

File /home/tobi/workspace/robot/src/cnc-msl/build-msl_keyboard_joystick-Desktop-Default/CMakeFiles/CMakeTmp/CheckSymbolExists.c:
/* */
#include <pthread.h>

int main(int argc, char** argv)
{
  (void)argv;
#ifndef pthread_create
  return ((int*)(&pthread_create))[argc];
#else
  (void)argc;
  return 0;
#endif
}

Determining if the function pthread_create exists in the pthreads failed with the following output:
Change Dir: /home/tobi/workspace/robot/src/cnc-msl/build-msl_keyboard_joystick-Desktop-Default/CMakeFiles/CMakeTmp

Run Build Command:/usr/bin/make "cmTryCompileExec1446616655/fast"
/usr/bin/make -f CMakeFiles/cmTryCompileExec1446616655.dir/build.make CMakeFiles/cmTryCompileExec1446616655.dir/build
make[1]: Entering directory `/home/tobi/workspace/robot/src/cnc-msl/build-msl_keyboard_joystick-Desktop-Default/CMakeFiles/CMakeTmp'
/usr/bin/cmake -E cmake_progress_report /home/tobi/workspace/robot/src/cnc-msl/build-msl_keyboard_joystick-Desktop-Default/CMakeFiles/CMakeTmp/CMakeFiles 1
Building C object CMakeFiles/cmTryCompileExec1446616655.dir/CheckFunctionExists.c.o
/usr/bin/cc   -DCHECK_FUNCTION_EXISTS=pthread_create   -o CMakeFiles/cmTryCompileExec1446616655.dir/CheckFunctionExists.c.o   -c /usr/share/cmake-2.8/Modules/CheckFunctionExists.c
Linking C executable cmTryCompileExec1446616655
/usr/bin/cmake -E cmake_link_script CMakeFiles/cmTryCompileExec1446616655.dir/link.txt --verbose=1
/usr/bin/cc   -DCHECK_FUNCTION_EXISTS=pthread_create    CMakeFiles/cmTryCompileExec1446616655.dir/CheckFunctionExists.c.o  -o cmTryCompileExec1446616655 -rdynamic -lpthreads 
/usr/bin/ld: cannot find -lpthreads
collect2: error: ld returned 1 exit status
make[1]: *** [cmTryCompileExec1446616655] Error 1
make[1]: Leaving directory `/home/tobi/workspace/robot/src/cnc-msl/build-msl_keyboard_joystick-Desktop-Default/CMakeFiles/CMakeTmp'
make: *** [cmTryCompileExec1446616655/fast] Error 2


Determining if the Q_WS_WIN exist failed with the following output:
Change Dir: /home/tobi/workspace/robot/src/cnc-msl/build-msl_keyboard_joystick-Desktop-Default/CMakeFiles/CMakeTmp

Run Build Command:/usr/bin/make "cmTryCompileExec4077824799/fast"
/usr/bin/make -f CMakeFiles/cmTryCompileExec4077824799.dir/build.make CMakeFiles/cmTryCompileExec4077824799.dir/build
make[1]: Entering directory `/home/tobi/workspace/robot/src/cnc-msl/build-msl_keyboard_joystick-Desktop-Default/CMakeFiles/CMakeTmp'
/usr/bin/cmake -E cmake_progress_report /home/tobi/workspace/robot/src/cnc-msl/build-msl_keyboard_joystick-Desktop-Default/CMakeFiles/CMakeTmp/CMakeFiles 1
Building CXX object CMakeFiles/cmTryCompileExec4077824799.dir/CheckSymbolExists.cxx.o
/usr/bin/c++    -std=c++11   -I/usr/include/qt4    -o CMakeFiles/cmTryCompileExec4077824799.dir/CheckSymbolExists.cxx.o -c /home/tobi/workspace/robot/src/cnc-msl/build-msl_keyboard_joystick-Desktop-Default/CMakeFiles/CMakeTmp/CheckSymbolExists.cxx
/home/tobi/workspace/robot/src/cnc-msl/build-msl_keyboard_joystick-Desktop-Default/CMakeFiles/CMakeTmp/CheckSymbolExists.cxx: In function ‘int main(int, char**)’:
/home/tobi/workspace/robot/src/cnc-msl/build-msl_keyboard_joystick-Desktop-Default/CMakeFiles/CMakeTmp/CheckSymbolExists.cxx:8:19: error: ‘Q_WS_WIN’ was not declared in this scope
   return ((int*)(&Q_WS_WIN))[argc];
                   ^
make[1]: *** [CMakeFiles/cmTryCompileExec4077824799.dir/CheckSymbolExists.cxx.o] Error 1
make[1]: Leaving directory `/home/tobi/workspace/robot/src/cnc-msl/build-msl_keyboard_joystick-Desktop-Default/CMakeFiles/CMakeTmp'
make: *** [cmTryCompileExec4077824799/fast] Error 2

File /home/tobi/workspace/robot/src/cnc-msl/build-msl_keyboard_joystick-Desktop-Default/CMakeFiles/CMakeTmp/CheckSymbolExists.cxx:
/* */
#include <QtCore/qglobal.h>

int main(int argc, char** argv)
{
  (void)argv;
#ifndef Q_WS_WIN
  return ((int*)(&Q_WS_WIN))[argc];
#else
  (void)argc;
  return 0;
#endif
}

Determining if the Q_WS_QWS exist failed with the following output:
Change Dir: /home/tobi/workspace/robot/src/cnc-msl/build-msl_keyboard_joystick-Desktop-Default/CMakeFiles/CMakeTmp

Run Build Command:/usr/bin/make "cmTryCompileExec914478092/fast"
/usr/bin/make -f CMakeFiles/cmTryCompileExec914478092.dir/build.make CMakeFiles/cmTryCompileExec914478092.dir/build
make[1]: Entering directory `/home/tobi/workspace/robot/src/cnc-msl/build-msl_keyboard_joystick-Desktop-Default/CMakeFiles/CMakeTmp'
/usr/bin/cmake -E cmake_progress_report /home/tobi/workspace/robot/src/cnc-msl/build-msl_keyboard_joystick-Desktop-Default/CMakeFiles/CMakeTmp/CMakeFiles 1
Building CXX object CMakeFiles/cmTryCompileExec914478092.dir/CheckSymbolExists.cxx.o
/usr/bin/c++    -std=c++11   -I/usr/include/qt4    -o CMakeFiles/cmTryCompileExec914478092.dir/CheckSymbolExists.cxx.o -c /home/tobi/workspace/robot/src/cnc-msl/build-msl_keyboard_joystick-Desktop-Default/CMakeFiles/CMakeTmp/CheckSymbolExists.cxx
/home/tobi/workspace/robot/src/cnc-msl/build-msl_keyboard_joystick-Desktop-Default/CMakeFiles/CMakeTmp/CheckSymbolExists.cxx: In function ‘int main(int, char**)’:
/home/tobi/workspace/robot/src/cnc-msl/build-msl_keyboard_joystick-Desktop-Default/CMakeFiles/CMakeTmp/CheckSymbolExists.cxx:8:19: error: ‘Q_WS_QWS’ was not declared in this scope
   return ((int*)(&Q_WS_QWS))[argc];
                   ^
make[1]: *** [CMakeFiles/cmTryCompileExec914478092.dir/CheckSymbolExists.cxx.o] Error 1
make[1]: Leaving directory `/home/tobi/workspace/robot/src/cnc-msl/build-msl_keyboard_joystick-Desktop-Default/CMakeFiles/CMakeTmp'
make: *** [cmTryCompileExec914478092/fast] Error 2

File /home/tobi/workspace/robot/src/cnc-msl/build-msl_keyboard_joystick-Desktop-Default/CMakeFiles/CMakeTmp/CheckSymbolExists.cxx:
/* */
#include <QtCore/qglobal.h>

int main(int argc, char** argv)
{
  (void)argv;
#ifndef Q_WS_QWS
  return ((int*)(&Q_WS_QWS))[argc];
#else
  (void)argc;
  return 0;
#endif
}

Determining if the Q_WS_MAC exist failed with the following output:
Change Dir: /home/tobi/workspace/robot/src/cnc-msl/build-msl_keyboard_joystick-Desktop-Default/CMakeFiles/CMakeTmp

Run Build Command:/usr/bin/make "cmTryCompileExec3953344431/fast"
/usr/bin/make -f CMakeFiles/cmTryCompileExec3953344431.dir/build.make CMakeFiles/cmTryCompileExec3953344431.dir/build
make[1]: Entering directory `/home/tobi/workspace/robot/src/cnc-msl/build-msl_keyboard_joystick-Desktop-Default/CMakeFiles/CMakeTmp'
/usr/bin/cmake -E cmake_progress_report /home/tobi/workspace/robot/src/cnc-msl/build-msl_keyboard_joystick-Desktop-Default/CMakeFiles/CMakeTmp/CMakeFiles 1
Building CXX object CMakeFiles/cmTryCompileExec3953344431.dir/CheckSymbolExists.cxx.o
/usr/bin/c++    -std=c++11   -I/usr/include/qt4    -o CMakeFiles/cmTryCompileExec3953344431.dir/CheckSymbolExists.cxx.o -c /home/tobi/workspace/robot/src/cnc-msl/build-msl_keyboard_joystick-Desktop-Default/CMakeFiles/CMakeTmp/CheckSymbolExists.cxx
/home/tobi/workspace/robot/src/cnc-msl/build-msl_keyboard_joystick-Desktop-Default/CMakeFiles/CMakeTmp/CheckSymbolExists.cxx: In function ‘int main(int, char**)’:
/home/tobi/workspace/robot/src/cnc-msl/build-msl_keyboard_joystick-Desktop-Default/CMakeFiles/CMakeTmp/CheckSymbolExists.cxx:8:19: error: ‘Q_WS_MAC’ was not declared in this scope
   return ((int*)(&Q_WS_MAC))[argc];
                   ^
make[1]: *** [CMakeFiles/cmTryCompileExec3953344431.dir/CheckSymbolExists.cxx.o] Error 1
make[1]: Leaving directory `/home/tobi/workspace/robot/src/cnc-msl/build-msl_keyboard_joystick-Desktop-Default/CMakeFiles/CMakeTmp'
make: *** [cmTryCompileExec3953344431/fast] Error 2

File /home/tobi/workspace/robot/src/cnc-msl/build-msl_keyboard_joystick-Desktop-Default/CMakeFiles/CMakeTmp/CheckSymbolExists.cxx:
/* */
#include <QtCore/qglobal.h>

int main(int argc, char** argv)
{
  (void)argv;
#ifndef Q_WS_MAC
  return ((int*)(&Q_WS_MAC))[argc];
#else
  (void)argc;
  return 0;
#endif
}

