\BOOKMARK [0][-]{chapter.1}{\376\377\000E\000i\000n\000l\000e\000i\000t\000u\000n\000g}{}
\BOOKMARK [0][-]{chapter.2}{\376\377\000P\000r\000o\000b\000l\000e\000m\000s\000t\000e\000l\000l\000u\000n\000g}{}
\BOOKMARK [0][-]{chapter.3}{\376\377\000K\000o\000n\000z\000e\000p\000t}{}
\BOOKMARK [1][-]{section.3.1}{\376\377\000\040\000M\000e\000s\000s\000e\000n\000\040\000p\000h\000y\000s\000i\000k\000a\000l\000i\000s\000c\000h\000e\000r\000\040\000G\000r\000\366\000\337\000e\000n}{chapter.3}
\BOOKMARK [1][-]{section.3.2}{\376\377\000\040\000K\000o\000m\000m\000u\000n\000i\000k\000a\000t\000i\000o\000n}{chapter.3}
\BOOKMARK [1][-]{section.3.3}{\376\377\000\040\000R\000e\000a\000k\000t\000i\000o\000n\000e\000n\000\040\000d\000u\000r\000c\000h\000\040\000d\000a\000s\000\040\000M\000e\000\337\000s\000y\000s\000t\000e\000m}{chapter.3}
\BOOKMARK [0][-]{chapter.4}{\376\377\000U\000m\000s\000e\000t\000z\000u\000n\000g}{}
\BOOKMARK [1][-]{section.4.1}{\376\377\000H\000a\000r\000d\000w\000a\000r\000e}{chapter.4}
\BOOKMARK [2][-]{subsection.4.1.1}{\376\377\000\040\000M\000e\000s\000s\000e\000n\000\040\000p\000h\000y\000s\000i\000k\000a\000l\000i\000s\000c\000h\000e\000r\000\040\000G\000r\000\366\000\337\000e\000n}{section.4.1}
\BOOKMARK [2][-]{subsection.4.1.2}{\376\377\000\040\000K\000o\000m\000m\000u\000n\000i\000k\000a\000t\000i\000o\000n}{section.4.1}
\BOOKMARK [2][-]{subsection.4.1.3}{\376\377\000\040\000R\000e\000a\000k\000t\000i\000o\000n\000e\000n\000\040\000d\000u\000r\000c\000h\000\040\000d\000a\000s\000\040\000M\000e\000\337\000s\000y\000s\000t\000e\000m}{section.4.1}
\BOOKMARK [1][-]{section.4.2}{\376\377\000S\000o\000f\000t\000w\000a\000r\000e}{chapter.4}
\BOOKMARK [2][-]{subsection.4.2.1}{\376\377\000M\000i\000c\000r\000o\000c\000o\000n\000t\000r\000o\000l\000l\000e\000r}{section.4.2}
\BOOKMARK [2][-]{subsection.4.2.2}{\376\377\000R\000o\000b\000o\000t\000e\000r\000s\000y\000s\000t\000e\000m}{section.4.2}
\BOOKMARK [0][-]{chapter.5}{\376\377\000E\000v\000a\000l\000u\000i\000e\000r\000u\000n\000g}{}
\BOOKMARK [1][-]{section.5.1}{\376\377\000M\000e\000s\000s\000e\000n}{chapter.5}
\BOOKMARK [1][-]{section.5.2}{\376\377\000K\000o\000m\000m\000u\000n\000i\000k\000a\000t\000i\000o\000n}{chapter.5}
\BOOKMARK [1][-]{section.5.3}{\376\377\000R\000e\000a\000k\000t\000i\000o\000n}{chapter.5}
\BOOKMARK [0][-]{chapter.6}{\376\377\000Z\000u\000s\000a\000m\000m\000e\000n\000f\000a\000s\000s\000u\000n\000g}{}
\BOOKMARK [0][-]{chapter*.13}{\376\377\000L\000i\000t\000e\000r\000a\000t\000u\000r\000v\000e\000r\000z\000e\000i\000c\000h\000n\000i\000s}{}
