

*******************************************************************************
Wed Mar 29 17:39:17 2017


FIT:    data read from '/home/cn/cnws/src/cnc-msl//log/temp/RotationCalibration.log' u (column(0)):1
        format = x:z
        #datapoints = 3
        residuals are weighted equally (unit weight)

function used for fitting: f(x)
fitted parameters initialized with current variable values



 Iteration 0
 WSSR        : 12.2306           delta(WSSR)/WSSR   : 0
 delta(WSSR) : 0                 limit for stopping : 1e-05
 lambda	  : 1.1547

initial set of free parameter values

a               = 1
b               = 1

After 4 iterations the fit converged.
final sum of squares of residuals : 1.45113e-05
rel. change during last iteration : -1.1847e-08

degrees of freedom    (FIT_NDF)                        : 1
rms of residuals      (FIT_STDFIT) = sqrt(WSSR/ndf)    : 0.00380936
variance of residuals (reduced chisquare) = WSSR/ndf   : 1.45113e-05

Final set of parameters            Asymptotic Standard Error
=======================            ==========================

a               = 0.115886         +/- 0.002694     (2.324%)
b               = -0.00155517      +/- 0.003477     (223.6%)


correlation matrix of the fit parameters:

               a      b      
a               1.000 
b              -0.775  1.000 


*******************************************************************************
Wed Mar 29 17:50:32 2017


FIT:    data read from '/home/cn/cnws/src/cnc-msl//log/temp/RotationCalibration.log' u (column(0)):1
        format = x:z
        #datapoints = 3
        residuals are weighted equally (unit weight)

function used for fitting: f(x)
fitted parameters initialized with current variable values



 Iteration 0
 WSSR        : 9.24557           delta(WSSR)/WSSR   : 0
 delta(WSSR) : 0                 limit for stopping : 1e-05
 lambda	  : 1.1547

initial set of free parameter values

a               = 1
b               = 1

After 4 iterations the fit converged.
final sum of squares of residuals : 0.0137139
rel. change during last iteration : -1.56599e-12

degrees of freedom    (FIT_NDF)                        : 1
rms of residuals      (FIT_STDFIT) = sqrt(WSSR/ndf)    : 0.117106
variance of residuals (reduced chisquare) = WSSR/ndf   : 0.0137139

Final set of parameters            Asymptotic Standard Error
=======================            ==========================

a               = 0.14017          +/- 0.08281      (59.08%)
b               = 0.252219         +/- 0.1069       (42.39%)


correlation matrix of the fit parameters:

               a      b      
a               1.000 
b              -0.775  1.000 


*******************************************************************************
Wed Mar 29 17:50:56 2017


FIT:    data read from '/home/cn/cnws/src/cnc-msl//log/temp/RotationCalibration.log' u (column(0)):1
        format = x:z
        #datapoints = 3
        residuals are weighted equally (unit weight)

function used for fitting: f(x)
fitted parameters initialized with current variable values



 Iteration 0
 WSSR        : 11.562            delta(WSSR)/WSSR   : 0
 delta(WSSR) : 0                 limit for stopping : 1e-05
 lambda	  : 1.1547

initial set of free parameter values

a               = 1
b               = 1

After 4 iterations the fit converged.
final sum of squares of residuals : 0.000733937
rel. change during last iteration : -4.08678e-10

degrees of freedom    (FIT_NDF)                        : 1
rms of residuals      (FIT_STDFIT) = sqrt(WSSR/ndf)    : 0.0270913
variance of residuals (reduced chisquare) = WSSR/ndf   : 0.000733937

Final set of parameters            Asymptotic Standard Error
=======================            ==========================

a               = 0.203399         +/- 0.01916      (9.418%)
b               = -0.0556148       +/- 0.02473      (44.47%)


correlation matrix of the fit parameters:

               a      b      
a               1.000 
b              -0.775  1.000 


*******************************************************************************
Wed Mar 29 17:51:37 2017


FIT:    data read from '/home/cn/cnws/src/cnc-msl//log/temp/RotationCalibration.log' u (column(0)):1
        format = x:z
        #datapoints = 6
        residuals are weighted equally (unit weight)

function used for fitting: f(x)
fitted parameters initialized with current variable values



 Iteration 0
 WSSR        : 97.7984           delta(WSSR)/WSSR   : 0
 delta(WSSR) : 0                 limit for stopping : 1e-05
 lambda	  : 2.25462

initial set of free parameter values

a               = 1
b               = 1

After 4 iterations the fit converged.
final sum of squares of residuals : 0.0655981
rel. change during last iteration : -7.30535e-10

degrees of freedom    (FIT_NDF)                        : 4
rms of residuals      (FIT_STDFIT) = sqrt(WSSR/ndf)    : 0.128061
variance of residuals (reduced chisquare) = WSSR/ndf   : 0.0163995

Final set of parameters            Asymptotic Standard Error
=======================            ==========================

a               = 0.0103013        +/- 0.03061      (297.2%)
b               = -0.190711        +/- 0.09268      (48.6%)


correlation matrix of the fit parameters:

               a      b      
a               1.000 
b              -0.826  1.000 


*******************************************************************************
Wed Mar 29 17:52:14 2017


FIT:    data read from '/home/cn/cnws/src/cnc-msl//log/temp/RotationCalibration.log' u (column(0)):1
        format = x:z
        #datapoints = 5
        residuals are weighted equally (unit weight)

function used for fitting: f(x)
fitted parameters initialized with current variable values



 Iteration 0
 WSSR        : 60.2698           delta(WSSR)/WSSR   : 0
 delta(WSSR) : 0                 limit for stopping : 1e-05
 lambda	  : 1.87083

initial set of free parameter values

a               = 1
b               = 1

After 4 iterations the fit converged.
final sum of squares of residuals : 0.0526808
rel. change during last iteration : -2.7053e-10

degrees of freedom    (FIT_NDF)                        : 3
rms of residuals      (FIT_STDFIT) = sqrt(WSSR/ndf)    : 0.132515
variance of residuals (reduced chisquare) = WSSR/ndf   : 0.0175603

Final set of parameters            Asymptotic Standard Error
=======================            ==========================

a               = 0.0170925        +/- 0.0419       (245.2%)
b               = -0.213997        +/- 0.1026       (47.97%)


correlation matrix of the fit parameters:

               a      b      
a               1.000 
b              -0.816  1.000 


*******************************************************************************
Wed Mar 29 17:56:30 2017


FIT:    data read from '/home/cn/cnws/src/cnc-msl//log/temp/RotationCalibration.log' u (column(0)):1
        format = x:z
        #datapoints = 3
        residuals are weighted equally (unit weight)

function used for fitting: f(x)
fitted parameters initialized with current variable values



 Iteration 0
 WSSR        : 9.8145            delta(WSSR)/WSSR   : 0
 delta(WSSR) : 0                 limit for stopping : 1e-05
 lambda	  : 1.1547

initial set of free parameter values

a               = 1
b               = 1

After 4 iterations the fit converged.
final sum of squares of residuals : 3.52054e-06
rel. change during last iteration : -8.65101e-08

degrees of freedom    (FIT_NDF)                        : 1
rms of residuals      (FIT_STDFIT) = sqrt(WSSR/ndf)    : 0.00187631
variance of residuals (reduced chisquare) = WSSR/ndf   : 3.52054e-06

Final set of parameters            Asymptotic Standard Error
=======================            ==========================

a               = 0.286808         +/- 0.001327     (0.4626%)
b               = 0.000766         +/- 0.001713     (223.6%)


correlation matrix of the fit parameters:

               a      b      
a               1.000 
b              -0.775  1.000 


*******************************************************************************
Wed Mar 29 18:01:38 2017


FIT:    data read from '/home/cn/cnws/src/cnc-msl//log/temp/RotationCalibration.log' u (column(0)):1
        format = x:z
        #datapoints = 26
        residuals are weighted equally (unit weight)

function used for fitting: f(x)
fitted parameters initialized with current variable values



 Iteration 0
 WSSR        : 6297.49           delta(WSSR)/WSSR   : 0
 delta(WSSR) : 0                 limit for stopping : 1e-05
 lambda	  : 10.332

initial set of free parameter values

a               = 1
b               = 1

After 5 iterations the fit converged.
final sum of squares of residuals : 0.000225032
rel. change during last iteration : -2.54992e-13

degrees of freedom    (FIT_NDF)                        : 24
rms of residuals      (FIT_STDFIT) = sqrt(WSSR/ndf)    : 0.00306208
variance of residuals (reduced chisquare) = WSSR/ndf   : 9.37634e-06

Final set of parameters            Asymptotic Standard Error
=======================            ==========================

a               = -0.00797222      +/- 8.007e-05    (1.004%)
b               = -0.00404694      +/- 0.001167     (28.84%)


correlation matrix of the fit parameters:

               a      b      
a               1.000 
b              -0.857  1.000 


*******************************************************************************
Wed Mar 29 18:06:23 2017


FIT:    data read from '/home/cn/cnws/src/cnc-msl//log/temp/RotationCalibration.log' u (column(0)):1
        format = x:z
        #datapoints = 3
        residuals are weighted equally (unit weight)

function used for fitting: f(x)
fitted parameters initialized with current variable values



 Iteration 0
 WSSR        : 20.6052           delta(WSSR)/WSSR   : 0
 delta(WSSR) : 0                 limit for stopping : 1e-05
 lambda	  : 1.1547

initial set of free parameter values

a               = 1
b               = 1

After 4 iterations the fit converged.
final sum of squares of residuals : 7.28017e-07
rel. change during last iteration : -1.09013e-09

degrees of freedom    (FIT_NDF)                        : 1
rms of residuals      (FIT_STDFIT) = sqrt(WSSR/ndf)    : 0.000853239
variance of residuals (reduced chisquare) = WSSR/ndf   : 7.28017e-07

Final set of parameters            Asymptotic Standard Error
=======================            ==========================

a               = -0.370287        +/- 0.0006033    (0.1629%)
b               = 0.000348333      +/- 0.0007789    (223.6%)


correlation matrix of the fit parameters:

               a      b      
a               1.000 
b              -0.775  1.000 


*******************************************************************************
Wed Mar 29 18:08:34 2017


FIT:    data read from '/home/cn/cnws/src/cnc-msl//log/temp/RotationCalibration.log' u (column(0)):1
        format = x:z
        #datapoints = 27
        residuals are weighted equally (unit weight)

function used for fitting: f(x)
fitted parameters initialized with current variable values



 Iteration 0
 WSSR        : 6940.94           delta(WSSR)/WSSR   : 0
 delta(WSSR) : 0                 limit for stopping : 1e-05
 lambda	  : 10.7393

initial set of free parameter values

a               = 1
b               = 1

After 5 iterations the fit converged.
final sum of squares of residuals : 0.000842932
rel. change during last iteration : -8.81066e-14

degrees of freedom    (FIT_NDF)                        : 25
rms of residuals      (FIT_STDFIT) = sqrt(WSSR/ndf)    : 0.00580666
variance of residuals (reduced chisquare) = WSSR/ndf   : 3.37173e-05

Final set of parameters            Asymptotic Standard Error
=======================            ==========================

a               = -0.00129528      +/- 0.0001435    (11.08%)
b               = 0.00798207       +/- 0.002174     (27.24%)


correlation matrix of the fit parameters:

               a      b      
a               1.000 
b              -0.858  1.000 


*******************************************************************************
Wed Mar 29 18:11:20 2017


FIT:    data read from '/home/cn/cnws/src/cnc-msl//log/temp/RotationCalibration.log' u (column(0)):1
        format = x:z
        #datapoints = 30
        residuals are weighted equally (unit weight)

function used for fitting: f(x)
fitted parameters initialized with current variable values



 Iteration 0
 WSSR        : 9458.71           delta(WSSR)/WSSR   : 0
 delta(WSSR) : 0                 limit for stopping : 1e-05
 lambda	  : 11.9617

initial set of free parameter values

a               = 1
b               = 1

After 5 iterations the fit converged.
final sum of squares of residuals : 0.000560217
rel. change during last iteration : -2.93008e-13

degrees of freedom    (FIT_NDF)                        : 28
rms of residuals      (FIT_STDFIT) = sqrt(WSSR/ndf)    : 0.004473
variance of residuals (reduced chisquare) = WSSR/ndf   : 2.00077e-05

Final set of parameters            Asymptotic Standard Error
=======================            ==========================

a               = -0.000276555     +/- 9.435e-05    (34.12%)
b               = 0.00135595       +/- 0.001593     (117.5%)


correlation matrix of the fit parameters:

               a      b      
a               1.000 
b              -0.859  1.000 


*******************************************************************************
Wed Mar 29 18:13:40 2017


FIT:    data read from '/home/cn/cnws/src/cnc-msl//log/temp/RotationCalibration.log' u (column(0)):1
        format = x:z
        #datapoints = 3
        residuals are weighted equally (unit weight)

function used for fitting: f(x)
fitted parameters initialized with current variable values



 Iteration 0
 WSSR        : 87.8805           delta(WSSR)/WSSR   : 0
 delta(WSSR) : 0                 limit for stopping : 1e-05
 lambda	  : 1.1547

initial set of free parameter values

a               = 1
b               = 1

After 4 iterations the fit converged.
final sum of squares of residuals : 1.71028e-05
rel. change during last iteration : -1.86675e-07

degrees of freedom    (FIT_NDF)                        : 1
rms of residuals      (FIT_STDFIT) = sqrt(WSSR/ndf)    : 0.00413556
variance of residuals (reduced chisquare) = WSSR/ndf   : 1.71028e-05

Final set of parameters            Asymptotic Standard Error
=======================            ==========================

a               = -2.56477         +/- 0.002924     (0.114%)
b               = 0.00168833       +/- 0.003775     (223.6%)


correlation matrix of the fit parameters:

               a      b      
a               1.000 
b              -0.775  1.000 


*******************************************************************************
Wed Mar 29 18:15:00 2017


FIT:    data read from '/home/cn/cnws/src/cnc-msl//log/temp/RotationCalibration.log' u (column(0)):1
        format = x:z
        #datapoints = 15
        residuals are weighted equally (unit weight)

function used for fitting: f(x)
fitted parameters initialized with current variable values



 Iteration 0
 WSSR        : 1243.45           delta(WSSR)/WSSR   : 0
 delta(WSSR) : 0                 limit for stopping : 1e-05
 lambda	  : 5.85947

initial set of free parameter values

a               = 1
b               = 1

After 5 iterations the fit converged.
final sum of squares of residuals : 0.000513953
rel. change during last iteration : -1.26572e-15

degrees of freedom    (FIT_NDF)                        : 13
rms of residuals      (FIT_STDFIT) = sqrt(WSSR/ndf)    : 0.00628767
variance of residuals (reduced chisquare) = WSSR/ndf   : 3.95348e-05

Final set of parameters            Asymptotic Standard Error
=======================            ==========================

a               = -0.00250046      +/- 0.0003758    (15.03%)
b               = 0.00897285       +/- 0.003091     (34.45%)


correlation matrix of the fit parameters:

               a      b      
a               1.000 
b              -0.851  1.000 


*******************************************************************************
Wed Mar 29 18:16:06 2017


FIT:    data read from '/home/cn/cnws/src/cnc-msl//log/temp/RotationCalibration.log' u (column(0)):1
        format = x:z
        #datapoints = 12
        residuals are weighted equally (unit weight)

function used for fitting: f(x)
fitted parameters initialized with current variable values



 Iteration 0
 WSSR        : 646.953           delta(WSSR)/WSSR   : 0
 delta(WSSR) : 0                 limit for stopping : 1e-05
 lambda	  : 4.64579

initial set of free parameter values

a               = 1
b               = 1

After 5 iterations the fit converged.
final sum of squares of residuals : 3.1442e-05
rel. change during last iteration : -4.31032e-15

degrees of freedom    (FIT_NDF)                        : 10
rms of residuals      (FIT_STDFIT) = sqrt(WSSR/ndf)    : 0.00177319
variance of residuals (reduced chisquare) = WSSR/ndf   : 3.1442e-06

Final set of parameters            Asymptotic Standard Error
=======================            ==========================

a               = 0.00309921       +/- 0.0001483    (4.784%)
b               = -0.00317306      +/- 0.0009629    (30.35%)


correlation matrix of the fit parameters:

               a      b      
a               1.000 
b              -0.847  1.000 


*******************************************************************************
Wed Mar 29 18:18:13 2017


FIT:    data read from '/home/cn/cnws/src/cnc-msl//log/temp/RotationCalibration.log' u (column(0)):1
        format = x:z
        #datapoints = 26
        residuals are weighted equally (unit weight)

function used for fitting: f(x)
fitted parameters initialized with current variable values



 Iteration 0
 WSSR        : 6204.38           delta(WSSR)/WSSR   : 0
 delta(WSSR) : 0                 limit for stopping : 1e-05
 lambda	  : 10.332

initial set of free parameter values

a               = 1
b               = 1

After 5 iterations the fit converged.
final sum of squares of residuals : 0.00296004
rel. change during last iteration : -1.84605e-14

degrees of freedom    (FIT_NDF)                        : 24
rms of residuals      (FIT_STDFIT) = sqrt(WSSR/ndf)    : 0.0111056
variance of residuals (reduced chisquare) = WSSR/ndf   : 0.000123335

Final set of parameters            Asymptotic Standard Error
=======================            ==========================

a               = -0.000938208     +/- 0.0002904    (30.95%)
b               = 0.0108271        +/- 0.004233     (39.1%)


correlation matrix of the fit parameters:

               a      b      
a               1.000 
b              -0.857  1.000 


*******************************************************************************
Wed Mar 29 18:21:01 2017


FIT:    data read from '/home/cn/cnws/src/cnc-msl//log/temp/RotationCalibration.log' u (column(0)):1
        format = x:z
        #datapoints = 30
        residuals are weighted equally (unit weight)

function used for fitting: f(x)
fitted parameters initialized with current variable values



 Iteration 0
 WSSR        : 9449.93           delta(WSSR)/WSSR   : 0
 delta(WSSR) : 0                 limit for stopping : 1e-05
 lambda	  : 11.9617

initial set of free parameter values

a               = 1
b               = 1

After 5 iterations the fit converged.
final sum of squares of residuals : 0.0004544
rel. change during last iteration : -3.56589e-13

degrees of freedom    (FIT_NDF)                        : 28
rms of residuals      (FIT_STDFIT) = sqrt(WSSR/ndf)    : 0.00402847
variance of residuals (reduced chisquare) = WSSR/ndf   : 1.62286e-05

Final set of parameters            Asymptotic Standard Error
=======================            ==========================

a               = -0.00010198      +/- 8.497e-05    (83.33%)
b               = 0.00742139       +/- 0.001435     (19.34%)


correlation matrix of the fit parameters:

               a      b      
a               1.000 
b              -0.859  1.000 


*******************************************************************************
Wed Mar 29 18:22:10 2017


FIT:    data read from '/home/cn/cnws/src/cnc-msl//log/temp/RotationCalibration.log' u (column(0)):1
        format = x:z
        #datapoints = 3
        residuals are weighted equally (unit weight)

function used for fitting: f(x)
fitted parameters initialized with current variable values



 Iteration 0
 WSSR        : 8.90076           delta(WSSR)/WSSR   : 0
 delta(WSSR) : 0                 limit for stopping : 1e-05
 lambda	  : 1.1547

initial set of free parameter values

a               = 1
b               = 1

After 4 iterations the fit converged.
final sum of squares of residuals : 6.24036e-06
rel. change during last iteration : -6.03436e-08

degrees of freedom    (FIT_NDF)                        : 1
rms of residuals      (FIT_STDFIT) = sqrt(WSSR/ndf)    : 0.00249807
variance of residuals (reduced chisquare) = WSSR/ndf   : 6.24036e-06

Final set of parameters            Asymptotic Standard Error
=======================            ==========================

a               = 0.359781         +/- 0.001766     (0.491%)
b               = -0.00101983      +/- 0.00228      (223.6%)


correlation matrix of the fit parameters:

               a      b      
a               1.000 
b              -0.775  1.000 
