This is pdfTeX, Version 3.1415926-1.40.10 (TeX Live 2009/Debian) (format=pdflatex 2012.10.9)  20 MAR 2013 15:20
entering extended mode
 %&-line parsing enabled.
**refman.tex
(./refman.tex
LaTeX2e <2009/09/24>
Babel <v3.8l> and hyphenation patterns for english, usenglishmax, dumylang, noh
yphenation, ngerman, german, german-x-2009-06-19, ngerman-x-2009-06-19, loaded.

(/usr/share/texmf-texlive/tex/latex/base/book.cls
Document Class: book 2007/10/19 v1.4h Standard LaTeX document class
(/usr/share/texmf-texlive/tex/latex/base/bk10.clo
File: bk10.clo 2007/10/19 v1.4h Standard LaTeX file (size option)
)
\c@part=\count79
\c@chapter=\count80
\c@section=\count81
\c@subsection=\count82
\c@subsubsection=\count83
\c@paragraph=\count84
\c@subparagraph=\count85
\c@figure=\count86
\c@table=\count87
\abovecaptionskip=\skip41
\belowcaptionskip=\skip42
\bibindent=\dimen102
)
(/usr/share/texmf-texlive/tex/latex/base/makeidx.sty
Package: makeidx 2000/03/29 v1.0m Standard LaTeX package
)
(/usr/share/texmf-texlive/tex/latex/natbib/natbib.sty
Package: natbib 2009/07/16 8.31 (PWD, AO)
\bibhang=\skip43
\bibsep=\skip44
LaTeX Info: Redefining \cite on input line 694.
\c@NAT@ctr=\count88
)
(/usr/share/texmf-texlive/tex/latex/graphics/graphicx.sty
Package: graphicx 1999/02/16 v1.0f Enhanced LaTeX Graphics (DPC,SPQR)

(/usr/share/texmf-texlive/tex/latex/graphics/keyval.sty
Package: keyval 1999/03/16 v1.13 key=value parser (DPC)
\KV@toks@=\toks14
)
(/usr/share/texmf-texlive/tex/latex/graphics/graphics.sty
Package: graphics 2009/02/05 v1.0o Standard LaTeX Graphics (DPC,SPQR)

(/usr/share/texmf-texlive/tex/latex/graphics/trig.sty
Package: trig 1999/03/16 v1.09 sin cos tan (DPC)
)
(/etc/texmf/tex/latex/config/graphics.cfg
File: graphics.cfg 2009/08/28 v1.8 graphics configuration of TeX Live
)
Package graphics Info: Driver file: pdftex.def on input line 91.

(/usr/share/texmf-texlive/tex/latex/pdftex-def/pdftex.def
File: pdftex.def 2010/03/12 v0.04p Graphics/color for pdfTeX
\Gread@gobject=\count89
))
\Gin@req@height=\dimen103
\Gin@req@width=\dimen104
)
(/usr/share/texmf-texlive/tex/latex/tools/multicol.sty
Package: multicol 2008/12/05 v1.6h multicolumn formatting (FMi)
\c@tracingmulticols=\count90
\mult@box=\box26
\multicol@leftmargin=\dimen105
\c@unbalance=\count91
\c@collectmore=\count92
\doublecol@number=\count93
\multicoltolerance=\count94
\multicolpretolerance=\count95
\full@width=\dimen106
\page@free=\dimen107
\premulticols=\dimen108
\postmulticols=\dimen109
\multicolsep=\skip45
\multicolbaselineskip=\skip46
\partial@page=\box27
\last@line=\box28
\mult@rightbox=\box29
\mult@grightbox=\box30
\mult@gfirstbox=\box31
\mult@firstbox=\box32
\@tempa=\box33
\@tempa=\box34
\@tempa=\box35
\@tempa=\box36
\@tempa=\box37
\@tempa=\box38
\@tempa=\box39
\@tempa=\box40
\@tempa=\box41
\@tempa=\box42
\@tempa=\box43
\@tempa=\box44
\@tempa=\box45
\@tempa=\box46
\@tempa=\box47
\@tempa=\box48
\@tempa=\box49
\c@columnbadness=\count96
\c@finalcolumnbadness=\count97
\last@try=\dimen110
\multicolovershoot=\dimen111
\multicolundershoot=\dimen112
\mult@nat@firstbox=\box50
\colbreak@box=\box51
)
(/usr/share/texmf-texlive/tex/latex/float/float.sty
Package: float 2001/11/08 v1.3d Float enhancements (AL)
\c@float@type=\count98
\float@exts=\toks15
\float@box=\box52
\@float@everytoks=\toks16
\@floatcapt=\box53
)
(/usr/share/texmf-texlive/tex/latex/listings/listings.sty
\lst@mode=\count99
\lst@gtempboxa=\box54
\lst@token=\toks17
\lst@length=\count100
\lst@currlwidth=\dimen113
\lst@column=\count101
\lst@pos=\count102
\lst@lostspace=\dimen114
\lst@width=\dimen115
\lst@newlines=\count103
\lst@lineno=\count104
\lst@maxwidth=\dimen116

(/usr/share/texmf-texlive/tex/latex/listings/lstmisc.sty
File: lstmisc.sty 2007/02/22 1.4 (Carsten Heinz)
\c@lstnumber=\count105
\lst@skipnumbers=\count106
\lst@framebox=\box55
)
(/usr/share/texmf-texlive/tex/latex/listings/listings.cfg
File: listings.cfg 2007/02/22 1.4 listings configuration
))
Package: listings 2007/02/22 1.4 (Carsten Heinz)

(/usr/share/texmf-texlive/tex/latex/graphics/color.sty
Package: color 2005/11/14 v1.0j Standard LaTeX Color (DPC)

(/etc/texmf/tex/latex/config/color.cfg
File: color.cfg 2007/01/18 v1.5 color configuration of teTeX/TeXLive
)
Package color Info: Driver file: pdftex.def on input line 130.
)
(/usr/share/texmf-texlive/tex/latex/base/ifthen.sty
Package: ifthen 2001/05/26 v1.1c Standard LaTeX ifthen package (DPC)
)
(/usr/share/texmf/tex/latex/xcolor/xcolor.sty
Package: xcolor 2007/01/21 v2.11 LaTeX color extensions (UK)

(/etc/texmf/tex/latex/config/color.cfg
File: color.cfg 2007/01/18 v1.5 color configuration of teTeX/TeXLive
)
Package xcolor Info: Driver file: pdftex.def on input line 225.

(/usr/share/texmf-texlive/tex/latex/colortbl/colortbl.sty
Package: colortbl 2001/02/13 v0.1j Color table columns (DPC)

(/usr/share/texmf-texlive/tex/latex/tools/array.sty
Package: array 2008/09/09 v2.4c Tabular extension package (FMi)
\col@sep=\dimen117
\extrarowheight=\dimen118
\NC@list=\toks18
\extratabsurround=\skip47
\backup@length=\skip48
)
\everycr=\toks19
\minrowclearance=\skip49
)
LaTeX Info: Redefining \color on input line 702.
\rownum=\count107
Package xcolor Info: Model `cmy' substituted by `cmy0' on input line 1337.
Package xcolor Info: Model `hsb' substituted by `rgb' on input line 1341.
Package xcolor Info: Model `RGB' extended on input line 1353.
Package xcolor Info: Model `HTML' substituted by `rgb' on input line 1355.
Package xcolor Info: Model `Hsb' substituted by `hsb' on input line 1356.
Package xcolor Info: Model `tHsb' substituted by `hsb' on input line 1357.
Package xcolor Info: Model `HSB' substituted by `hsb' on input line 1358.
Package xcolor Info: Model `Gray' substituted by `gray' on input line 1359.
Package xcolor Info: Model `wave' substituted by `hsb' on input line 1360.
)
(/usr/share/texmf-texlive/tex/latex/base/textcomp.sty
Package: textcomp 2005/09/27 v1.99g Standard LaTeX package
Package textcomp Info: Sub-encoding information:
(textcomp)               5 = only ISO-Adobe without \textcurrency
(textcomp)               4 = 5 + \texteuro
(textcomp)               3 = 4 + \textohm
(textcomp)               2 = 3 + \textestimated + \textcurrency
(textcomp)               1 = TS1 - \textcircled - \t
(textcomp)               0 = TS1 (full)
(textcomp)             Font families with sub-encoding setting implement
(textcomp)             only a restricted character set as indicated.
(textcomp)             Family '?' is the default used for unknown fonts.
(textcomp)             See the documentation for details.
Package textcomp Info: Setting ? sub-encoding to TS1/1 on input line 71.

(/usr/share/texmf-texlive/tex/latex/base/ts1enc.def
File: ts1enc.def 2001/06/05 v3.0e (jk/car/fm) Standard LaTeX file
)
LaTeX Info: Redefining \oldstylenums on input line 266.
Package textcomp Info: Setting cmr sub-encoding to TS1/0 on input line 281.
Package textcomp Info: Setting cmss sub-encoding to TS1/0 on input line 282.
Package textcomp Info: Setting cmtt sub-encoding to TS1/0 on input line 283.
Package textcomp Info: Setting cmvtt sub-encoding to TS1/0 on input line 284.
Package textcomp Info: Setting cmbr sub-encoding to TS1/0 on input line 285.
Package textcomp Info: Setting cmtl sub-encoding to TS1/0 on input line 286.
Package textcomp Info: Setting ccr sub-encoding to TS1/0 on input line 287.
Package textcomp Info: Setting ptm sub-encoding to TS1/4 on input line 288.
Package textcomp Info: Setting pcr sub-encoding to TS1/4 on input line 289.
Package textcomp Info: Setting phv sub-encoding to TS1/4 on input line 290.
Package textcomp Info: Setting ppl sub-encoding to TS1/3 on input line 291.
Package textcomp Info: Setting pag sub-encoding to TS1/4 on input line 292.
Package textcomp Info: Setting pbk sub-encoding to TS1/4 on input line 293.
Package textcomp Info: Setting pnc sub-encoding to TS1/4 on input line 294.
Package textcomp Info: Setting pzc sub-encoding to TS1/4 on input line 295.
Package textcomp Info: Setting bch sub-encoding to TS1/4 on input line 296.
Package textcomp Info: Setting put sub-encoding to TS1/5 on input line 297.
Package textcomp Info: Setting uag sub-encoding to TS1/5 on input line 298.
Package textcomp Info: Setting ugq sub-encoding to TS1/5 on input line 299.
Package textcomp Info: Setting ul8 sub-encoding to TS1/4 on input line 300.
Package textcomp Info: Setting ul9 sub-encoding to TS1/4 on input line 301.
Package textcomp Info: Setting augie sub-encoding to TS1/5 on input line 302.
Package textcomp Info: Setting dayrom sub-encoding to TS1/3 on input line 303.
Package textcomp Info: Setting dayroms sub-encoding to TS1/3 on input line 304.

Package textcomp Info: Setting pxr sub-encoding to TS1/0 on input line 305.
Package textcomp Info: Setting pxss sub-encoding to TS1/0 on input line 306.
Package textcomp Info: Setting pxtt sub-encoding to TS1/0 on input line 307.
Package textcomp Info: Setting txr sub-encoding to TS1/0 on input line 308.
Package textcomp Info: Setting txss sub-encoding to TS1/0 on input line 309.
Package textcomp Info: Setting txtt sub-encoding to TS1/0 on input line 310.
Package textcomp Info: Setting futs sub-encoding to TS1/4 on input line 311.
Package textcomp Info: Setting futx sub-encoding to TS1/4 on input line 312.
Package textcomp Info: Setting futj sub-encoding to TS1/4 on input line 313.
Package textcomp Info: Setting hlh sub-encoding to TS1/3 on input line 314.
Package textcomp Info: Setting hls sub-encoding to TS1/3 on input line 315.
Package textcomp Info: Setting hlst sub-encoding to TS1/3 on input line 316.
Package textcomp Info: Setting hlct sub-encoding to TS1/5 on input line 317.
Package textcomp Info: Setting hlx sub-encoding to TS1/5 on input line 318.
Package textcomp Info: Setting hlce sub-encoding to TS1/5 on input line 319.
Package textcomp Info: Setting hlcn sub-encoding to TS1/5 on input line 320.
Package textcomp Info: Setting hlcw sub-encoding to TS1/5 on input line 321.
Package textcomp Info: Setting hlcf sub-encoding to TS1/5 on input line 322.
Package textcomp Info: Setting pplx sub-encoding to TS1/3 on input line 323.
Package textcomp Info: Setting pplj sub-encoding to TS1/3 on input line 324.
Package textcomp Info: Setting ptmx sub-encoding to TS1/4 on input line 325.
Package textcomp Info: Setting ptmj sub-encoding to TS1/4 on input line 326.
)
(/usr/share/texmf-texlive/tex/latex/base/alltt.sty
Package: alltt 1997/06/16 v2.0g defines alltt environment
)
(/usr/share/texmf-texlive/tex/latex/base/inputenc.sty
Package: inputenc 2008/03/30 v1.1d Input encoding file
\inpenc@prehook=\toks20
\inpenc@posthook=\toks21

(/usr/share/texmf-texlive/tex/latex/base/utf8.def
File: utf8.def 2008/04/05 v1.1m UTF-8 support for inputenc
Now handling font encoding OML ...
... no UTF-8 mapping file for font encoding OML
Now handling font encoding T1 ...
... processing UTF-8 mapping file for font encoding T1

(/usr/share/texmf-texlive/tex/latex/base/t1enc.dfu
File: t1enc.dfu 2008/04/05 v1.1m UTF-8 support for inputenc
   defining Unicode char U+00A1 (decimal 161)
   defining Unicode char U+00A3 (decimal 163)
   defining Unicode char U+00AB (decimal 171)
   defining Unicode char U+00BB (decimal 187)
   defining Unicode char U+00BF (decimal 191)
   defining Unicode char U+00C0 (decimal 192)
   defining Unicode char U+00C1 (decimal 193)
   defining Unicode char U+00C2 (decimal 194)
   defining Unicode char U+00C3 (decimal 195)
   defining Unicode char U+00C4 (decimal 196)
   defining Unicode char U+00C5 (decimal 197)
   defining Unicode char U+00C6 (decimal 198)
   defining Unicode char U+00C7 (decimal 199)
   defining Unicode char U+00C8 (decimal 200)
   defining Unicode char U+00C9 (decimal 201)
   defining Unicode char U+00CA (decimal 202)
   defining Unicode char U+00CB (decimal 203)
   defining Unicode char U+00CC (decimal 204)
   defining Unicode char U+00CD (decimal 205)
   defining Unicode char U+00CE (decimal 206)
   defining Unicode char U+00CF (decimal 207)
   defining Unicode char U+00D0 (decimal 208)
   defining Unicode char U+00D1 (decimal 209)
   defining Unicode char U+00D2 (decimal 210)
   defining Unicode char U+00D3 (decimal 211)
   defining Unicode char U+00D4 (decimal 212)
   defining Unicode char U+00D5 (decimal 213)
   defining Unicode char U+00D6 (decimal 214)
   defining Unicode char U+00D8 (decimal 216)
   defining Unicode char U+00D9 (decimal 217)
   defining Unicode char U+00DA (decimal 218)
   defining Unicode char U+00DB (decimal 219)
   defining Unicode char U+00DC (decimal 220)
   defining Unicode char U+00DD (decimal 221)
   defining Unicode char U+00DE (decimal 222)
   defining Unicode char U+00DF (decimal 223)
   defining Unicode char U+00E0 (decimal 224)
   defining Unicode char U+00E1 (decimal 225)
   defining Unicode char U+00E2 (decimal 226)
   defining Unicode char U+00E3 (decimal 227)
   defining Unicode char U+00E4 (decimal 228)
   defining Unicode char U+00E5 (decimal 229)
   defining Unicode char U+00E6 (decimal 230)
   defining Unicode char U+00E7 (decimal 231)
   defining Unicode char U+00E8 (decimal 232)
   defining Unicode char U+00E9 (decimal 233)
   defining Unicode char U+00EA (decimal 234)
   defining Unicode char U+00EB (decimal 235)
   defining Unicode char U+00EC (decimal 236)
   defining Unicode char U+00ED (decimal 237)
   defining Unicode char U+00EE (decimal 238)
   defining Unicode char U+00EF (decimal 239)
   defining Unicode char U+00F0 (decimal 240)
   defining Unicode char U+00F1 (decimal 241)
   defining Unicode char U+00F2 (decimal 242)
   defining Unicode char U+00F3 (decimal 243)
   defining Unicode char U+00F4 (decimal 244)
   defining Unicode char U+00F5 (decimal 245)
   defining Unicode char U+00F6 (decimal 246)
   defining Unicode char U+00F8 (decimal 248)
   defining Unicode char U+00F9 (decimal 249)
   defining Unicode char U+00FA (decimal 250)
   defining Unicode char U+00FB (decimal 251)
   defining Unicode char U+00FC (decimal 252)
   defining Unicode char U+00FD (decimal 253)
   defining Unicode char U+00FE (decimal 254)
   defining Unicode char U+00FF (decimal 255)
   defining Unicode char U+0102 (decimal 258)
   defining Unicode char U+0103 (decimal 259)
   defining Unicode char U+0104 (decimal 260)
   defining Unicode char U+0105 (decimal 261)
   defining Unicode char U+0106 (decimal 262)
   defining Unicode char U+0107 (decimal 263)
   defining Unicode char U+010C (decimal 268)
   defining Unicode char U+010D (decimal 269)
   defining Unicode char U+010E (decimal 270)
   defining Unicode char U+010F (decimal 271)
   defining Unicode char U+0110 (decimal 272)
   defining Unicode char U+0111 (decimal 273)
   defining Unicode char U+0118 (decimal 280)
   defining Unicode char U+0119 (decimal 281)
   defining Unicode char U+011A (decimal 282)
   defining Unicode char U+011B (decimal 283)
   defining Unicode char U+011E (decimal 286)
   defining Unicode char U+011F (decimal 287)
   defining Unicode char U+0130 (decimal 304)
   defining Unicode char U+0131 (decimal 305)
   defining Unicode char U+0132 (decimal 306)
   defining Unicode char U+0133 (decimal 307)
   defining Unicode char U+0139 (decimal 313)
   defining Unicode char U+013A (decimal 314)
   defining Unicode char U+013D (decimal 317)
   defining Unicode char U+013E (decimal 318)
   defining Unicode char U+0141 (decimal 321)
   defining Unicode char U+0142 (decimal 322)
   defining Unicode char U+0143 (decimal 323)
   defining Unicode char U+0144 (decimal 324)
   defining Unicode char U+0147 (decimal 327)
   defining Unicode char U+0148 (decimal 328)
   defining Unicode char U+014A (decimal 330)
   defining Unicode char U+014B (decimal 331)
   defining Unicode char U+0150 (decimal 336)
   defining Unicode char U+0151 (decimal 337)
   defining Unicode char U+0152 (decimal 338)
   defining Unicode char U+0153 (decimal 339)
   defining Unicode char U+0154 (decimal 340)
   defining Unicode char U+0155 (decimal 341)
   defining Unicode char U+0158 (decimal 344)
   defining Unicode char U+0159 (decimal 345)
   defining Unicode char U+015A (decimal 346)
   defining Unicode char U+015B (decimal 347)
   defining Unicode char U+015E (decimal 350)
   defining Unicode char U+015F (decimal 351)
   defining Unicode char U+0160 (decimal 352)
   defining Unicode char U+0161 (decimal 353)
   defining Unicode char U+0162 (decimal 354)
   defining Unicode char U+0163 (decimal 355)
   defining Unicode char U+0164 (decimal 356)
   defining Unicode char U+0165 (decimal 357)
   defining Unicode char U+016E (decimal 366)
   defining Unicode char U+016F (decimal 367)
   defining Unicode char U+0170 (decimal 368)
   defining Unicode char U+0171 (decimal 369)
   defining Unicode char U+0178 (decimal 376)
   defining Unicode char U+0179 (decimal 377)
   defining Unicode char U+017A (decimal 378)
   defining Unicode char U+017B (decimal 379)
   defining Unicode char U+017C (decimal 380)
   defining Unicode char U+017D (decimal 381)
   defining Unicode char U+017E (decimal 382)
   defining Unicode char U+200C (decimal 8204)
   defining Unicode char U+2013 (decimal 8211)
   defining Unicode char U+2014 (decimal 8212)
   defining Unicode char U+2018 (decimal 8216)
   defining Unicode char U+2019 (decimal 8217)
   defining Unicode char U+201A (decimal 8218)
   defining Unicode char U+201C (decimal 8220)
   defining Unicode char U+201D (decimal 8221)
   defining Unicode char U+201E (decimal 8222)
   defining Unicode char U+2030 (decimal 8240)
   defining Unicode char U+2031 (decimal 8241)
   defining Unicode char U+2039 (decimal 8249)
   defining Unicode char U+203A (decimal 8250)
   defining Unicode char U+2423 (decimal 9251)
)
Now handling font encoding OT1 ...
... processing UTF-8 mapping file for font encoding OT1

(/usr/share/texmf-texlive/tex/latex/base/ot1enc.dfu
File: ot1enc.dfu 2008/04/05 v1.1m UTF-8 support for inputenc
   defining Unicode char U+00A1 (decimal 161)
   defining Unicode char U+00A3 (decimal 163)
   defining Unicode char U+00B8 (decimal 184)
   defining Unicode char U+00BF (decimal 191)
   defining Unicode char U+00C5 (decimal 197)
   defining Unicode char U+00C6 (decimal 198)
   defining Unicode char U+00D8 (decimal 216)
   defining Unicode char U+00DF (decimal 223)
   defining Unicode char U+00E6 (decimal 230)
   defining Unicode char U+00EC (decimal 236)
   defining Unicode char U+00ED (decimal 237)
   defining Unicode char U+00EE (decimal 238)
   defining Unicode char U+00EF (decimal 239)
   defining Unicode char U+00F8 (decimal 248)
   defining Unicode char U+0131 (decimal 305)
   defining Unicode char U+0141 (decimal 321)
   defining Unicode char U+0142 (decimal 322)
   defining Unicode char U+0152 (decimal 338)
   defining Unicode char U+0153 (decimal 339)
   defining Unicode char U+2013 (decimal 8211)
   defining Unicode char U+2014 (decimal 8212)
   defining Unicode char U+2018 (decimal 8216)
   defining Unicode char U+2019 (decimal 8217)
   defining Unicode char U+201C (decimal 8220)
   defining Unicode char U+201D (decimal 8221)
)
Now handling font encoding OMS ...
... processing UTF-8 mapping file for font encoding OMS

(/usr/share/texmf-texlive/tex/latex/base/omsenc.dfu
File: omsenc.dfu 2008/04/05 v1.1m UTF-8 support for inputenc
   defining Unicode char U+00A7 (decimal 167)
   defining Unicode char U+00B6 (decimal 182)
   defining Unicode char U+00B7 (decimal 183)
   defining Unicode char U+2020 (decimal 8224)
   defining Unicode char U+2021 (decimal 8225)
   defining Unicode char U+2022 (decimal 8226)
)
Now handling font encoding OMX ...
... no UTF-8 mapping file for font encoding OMX
Now handling font encoding U ...
... no UTF-8 mapping file for font encoding U
Now handling font encoding TS1 ...
... processing UTF-8 mapping file for font encoding TS1

(/usr/share/texmf-texlive/tex/latex/base/ts1enc.dfu
File: ts1enc.dfu 2008/04/05 v1.1m UTF-8 support for inputenc
   defining Unicode char U+00A2 (decimal 162)
   defining Unicode char U+00A3 (decimal 163)
   defining Unicode char U+00A4 (decimal 164)
   defining Unicode char U+00A5 (decimal 165)
   defining Unicode char U+00A6 (decimal 166)
   defining Unicode char U+00A7 (decimal 167)
   defining Unicode char U+00A8 (decimal 168)
   defining Unicode char U+00A9 (decimal 169)
   defining Unicode char U+00AA (decimal 170)
   defining Unicode char U+00AC (decimal 172)
   defining Unicode char U+00AE (decimal 174)
   defining Unicode char U+00AF (decimal 175)
   defining Unicode char U+00B0 (decimal 176)
   defining Unicode char U+00B1 (decimal 177)
   defining Unicode char U+00B2 (decimal 178)
   defining Unicode char U+00B3 (decimal 179)
   defining Unicode char U+00B4 (decimal 180)
   defining Unicode char U+00B5 (decimal 181)
   defining Unicode char U+00B6 (decimal 182)
   defining Unicode char U+00B7 (decimal 183)
   defining Unicode char U+00B9 (decimal 185)
   defining Unicode char U+00BA (decimal 186)
   defining Unicode char U+00BC (decimal 188)
   defining Unicode char U+00BD (decimal 189)
   defining Unicode char U+00BE (decimal 190)
   defining Unicode char U+00D7 (decimal 215)
   defining Unicode char U+00F7 (decimal 247)
   defining Unicode char U+0192 (decimal 402)
   defining Unicode char U+02C7 (decimal 711)
   defining Unicode char U+02D8 (decimal 728)
   defining Unicode char U+02DD (decimal 733)
   defining Unicode char U+0E3F (decimal 3647)
   defining Unicode char U+2016 (decimal 8214)
   defining Unicode char U+2020 (decimal 8224)
   defining Unicode char U+2021 (decimal 8225)
   defining Unicode char U+2022 (decimal 8226)
   defining Unicode char U+2030 (decimal 8240)
   defining Unicode char U+2031 (decimal 8241)
   defining Unicode char U+203B (decimal 8251)
   defining Unicode char U+203D (decimal 8253)
   defining Unicode char U+2044 (decimal 8260)
   defining Unicode char U+204E (decimal 8270)
   defining Unicode char U+2052 (decimal 8274)
   defining Unicode char U+20A1 (decimal 8353)
   defining Unicode char U+20A4 (decimal 8356)
   defining Unicode char U+20A6 (decimal 8358)
   defining Unicode char U+20A9 (decimal 8361)
   defining Unicode char U+20AB (decimal 8363)
   defining Unicode char U+20AC (decimal 8364)
   defining Unicode char U+20B1 (decimal 8369)
   defining Unicode char U+2103 (decimal 8451)
   defining Unicode char U+2116 (decimal 8470)
   defining Unicode char U+2117 (decimal 8471)
   defining Unicode char U+211E (decimal 8478)
   defining Unicode char U+2120 (decimal 8480)
   defining Unicode char U+2122 (decimal 8482)
   defining Unicode char U+2126 (decimal 8486)
   defining Unicode char U+2127 (decimal 8487)
   defining Unicode char U+212E (decimal 8494)
   defining Unicode char U+2190 (decimal 8592)
   defining Unicode char U+2191 (decimal 8593)
   defining Unicode char U+2192 (decimal 8594)
   defining Unicode char U+2193 (decimal 8595)
   defining Unicode char U+2329 (decimal 9001)
   defining Unicode char U+232A (decimal 9002)
   defining Unicode char U+2422 (decimal 9250)
   defining Unicode char U+25E6 (decimal 9702)
   defining Unicode char U+25EF (decimal 9711)
   defining Unicode char U+266A (decimal 9834)
)
   defining Unicode char U+00A9 (decimal 169)
   defining Unicode char U+00AA (decimal 170)
   defining Unicode char U+00AE (decimal 174)
   defining Unicode char U+00BA (decimal 186)
   defining Unicode char U+02C6 (decimal 710)
   defining Unicode char U+02DC (decimal 732)
   defining Unicode char U+200C (decimal 8204)
   defining Unicode char U+2026 (decimal 8230)
   defining Unicode char U+2122 (decimal 8482)
   defining Unicode char U+2423 (decimal 9251)
))
(/usr/share/texmf-texlive/tex/latex/psnfss/mathptmx.sty
Package: mathptmx 2005/04/12 PSNFSS-v9.2a Times w/ Math, improved (SPQR, WaS) 
LaTeX Font Info:    Redeclaring symbol font `operators' on input line 28.
LaTeX Font Info:    Overwriting symbol font `operators' in version `normal'
(Font)                  OT1/cmr/m/n --> OT1/ztmcm/m/n on input line 28.
LaTeX Font Info:    Overwriting symbol font `operators' in version `bold'
(Font)                  OT1/cmr/bx/n --> OT1/ztmcm/m/n on input line 28.
LaTeX Font Info:    Redeclaring symbol font `letters' on input line 29.
LaTeX Font Info:    Overwriting symbol font `letters' in version `normal'
(Font)                  OML/cmm/m/it --> OML/ztmcm/m/it on input line 29.
LaTeX Font Info:    Overwriting symbol font `letters' in version `bold'
(Font)                  OML/cmm/b/it --> OML/ztmcm/m/it on input line 29.
LaTeX Font Info:    Redeclaring symbol font `symbols' on input line 30.
LaTeX Font Info:    Overwriting symbol font `symbols' in version `normal'
(Font)                  OMS/cmsy/m/n --> OMS/ztmcm/m/n on input line 30.
LaTeX Font Info:    Overwriting symbol font `symbols' in version `bold'
(Font)                  OMS/cmsy/b/n --> OMS/ztmcm/m/n on input line 30.
LaTeX Font Info:    Redeclaring symbol font `largesymbols' on input line 31.
LaTeX Font Info:    Overwriting symbol font `largesymbols' in version `normal'
(Font)                  OMX/cmex/m/n --> OMX/ztmcm/m/n on input line 31.
LaTeX Font Info:    Overwriting symbol font `largesymbols' in version `bold'
(Font)                  OMX/cmex/m/n --> OMX/ztmcm/m/n on input line 31.
\symbold=\mathgroup4
\symitalic=\mathgroup5
LaTeX Font Info:    Redeclaring math alphabet \mathbf on input line 34.
LaTeX Font Info:    Overwriting math alphabet `\mathbf' in version `normal'
(Font)                  OT1/cmr/bx/n --> OT1/ptm/bx/n on input line 34.
LaTeX Font Info:    Overwriting math alphabet `\mathbf' in version `bold'
(Font)                  OT1/cmr/bx/n --> OT1/ptm/bx/n on input line 34.
LaTeX Font Info:    Redeclaring math alphabet \mathit on input line 35.
LaTeX Font Info:    Overwriting math alphabet `\mathit' in version `normal'
(Font)                  OT1/cmr/m/it --> OT1/ptm/m/it on input line 35.
LaTeX Font Info:    Overwriting math alphabet `\mathit' in version `bold'
(Font)                  OT1/cmr/bx/it --> OT1/ptm/m/it on input line 35.
LaTeX Info: Redefining \hbar on input line 50.
)
(/usr/share/texmf-texlive/tex/latex/psnfss/helvet.sty
Package: helvet 2005/04/12 PSNFSS-v9.2a (WaS) 
)
(/usr/share/texmf-texlive/tex/latex/psnfss/courier.sty
Package: courier 2005/04/12 PSNFSS-v9.2a (WaS) 
)
(/usr/share/texmf-texlive/tex/latex/sectsty/sectsty.sty
Package: sectsty 2002/02/25 v2.0.2 Commands to change all sectional heading sty
les
)
(/usr/share/texmf-texlive/tex/latex/tocloft/tocloft.sty
Package: tocloft 2009/09/04 v2.3d parameterised ToC, etc., typesetting


Package tocloft Note: The document has chapter divisions.

\cftparskip=\skip50
\cftbeforetoctitleskip=\skip51
\cftaftertoctitleskip=\skip52
\cftbeforepartskip=\skip53
\cftpartnumwidth=\skip54
\cftpartindent=\skip55
\cftbeforechapskip=\skip56
\cftchapindent=\skip57
\cftchapnumwidth=\skip58
\cftbeforesecskip=\skip59
\cftsecindent=\skip60
\cftsecnumwidth=\skip61
\cftbeforesubsecskip=\skip62
\cftsubsecindent=\skip63
\cftsubsecnumwidth=\skip64
\cftbeforesubsubsecskip=\skip65
\cftsubsubsecindent=\skip66
\cftsubsubsecnumwidth=\skip67
\cftbeforeparaskip=\skip68
\cftparaindent=\skip69
\cftparanumwidth=\skip70
\cftbeforesubparaskip=\skip71
\cftsubparaindent=\skip72
\cftsubparanumwidth=\skip73
\cftbeforeloftitleskip=\skip74
\cftafterloftitleskip=\skip75
\cftbeforefigskip=\skip76
\cftfigindent=\skip77
\cftfignumwidth=\skip78
\c@lofdepth=\count108
\c@lotdepth=\count109
\cftbeforelottitleskip=\skip79
\cftafterlottitleskip=\skip80
\cftbeforetabskip=\skip81
\cfttabindent=\skip82
\cfttabnumwidth=\skip83
) (./doxygen.sty
Package: doxygen 
 (/usr/share/texmf-texlive/tex/latex/tools/calc.sty
Package: calc 2007/08/22 v4.3 Infix arithmetic (KKT,FJ)
\calc@Acount=\count110
\calc@Bcount=\count111
\calc@Adimen=\dimen119
\calc@Bdimen=\dimen120
\calc@Askip=\skip84
\calc@Bskip=\skip85
LaTeX Info: Redefining \setlength on input line 76.
LaTeX Info: Redefining \addtolength on input line 77.
\calc@Ccount=\count112
\calc@Cskip=\skip86
)
(/usr/share/texmf-texlive/tex/latex/fancyhdr/fancyhdr.sty
\fancy@headwidth=\skip87
\f@ncyO@elh=\skip88
\f@ncyO@erh=\skip89
\f@ncyO@olh=\skip90
\f@ncyO@orh=\skip91
\f@ncyO@elf=\skip92
\f@ncyO@erf=\skip93
\f@ncyO@olf=\skip94
\f@ncyO@orf=\skip95
)
(/usr/share/texmf-texlive/tex/latex/tools/longtable.sty
Package: longtable 2004/02/01 v4.11 Multi-page Table package (DPC)
\LTleft=\skip96
\LTright=\skip97
\LTpre=\skip98
\LTpost=\skip99
\LTchunksize=\count113
\LTcapwidth=\dimen121
\LT@head=\box56
\LT@firsthead=\box57
\LT@foot=\box58
\LT@lastfoot=\box59
\LT@cols=\count114
\LT@rows=\count115
\c@LT@tables=\count116
\c@LT@chunks=\count117
\LT@p@ftn=\toks22
)
(/usr/share/texmf-texlive/tex/latex/tools/verbatim.sty
Package: verbatim 2003/08/22 v1.5q LaTeX2e package for verbatim enhancements
\every@verbatim=\toks23
\verbatim@line=\toks24
\verbatim@in@stream=\read1
)
\tmplength=\skip100
\xrefbox=\box60
\xreflength=\skip101

(/usr/share/texmf-texlive/tex/latex/base/fontenc.sty
Package: fontenc 2005/09/27 v1.99g Standard LaTeX package

(/usr/share/texmf-texlive/tex/latex/base/t1enc.def
File: t1enc.def 2005/09/27 v1.99g Standard LaTeX file
LaTeX Font Info:    Redeclaring font encoding T1 on input line 43.
)))
(/usr/share/texmf-texlive/tex/latex/listings/lstlang1.sty
File: lstlang1.sty 2004/09/05 1.3 listings language file
)
(/usr/share/texmf-texlive/tex/latex/listings/lstlang1.sty
File: lstlang1.sty 2004/09/05 1.3 listings language file
)
(/usr/share/texmf-texlive/tex/latex/listings/lstmisc.sty
File: lstmisc.sty 2007/02/22 1.4 (Carsten Heinz)
)
\@indexfile=\write3
\openout3 = `refman.idx'.


Writing index file refman.idx
(./refman.aux (./group__can.aux

LaTeX Warning: Label `group__can_gafb87d045bbf32b236fc425efe02bdc7b' multiply d
efined.

) (./group__uart.aux)

LaTeX Warning: Label `group__can_ga4fc3a0c58dfbd1e68224521185cb9384' multiply d
efined.


LaTeX Warning: Label `group__can_ga76b6f19e40d69446867ff4650225f0a1' multiply d
efined.


LaTeX Warning: Label `group__can_gafb87d045bbf32b236fc425efe02bdc7b' multiply d
efined.


LaTeX Warning: Label `group__can_gace593da5319500315498c8f845ee2368' multiply d
efined.


LaTeX Warning: Label `group__can_ga16dcd6dee09e1abfcc9597f67b3b2c32' multiply d
efined.


LaTeX Warning: Label `group__can_gafb87d045bbf32b236fc425efe02bdc7b' multiply d
efined.


LaTeX Warning: Label `group__main_ga1a329b3e30dfee7d342abb5ca42627c1' multiply 
defined.


LaTeX Warning: Label `group__main_ga92b6fba9f92d06d079d00bd6df3176d9' multiply 
defined.


LaTeX Warning: Label `group__main_gaa267303b3341b8fb4d5229ef059d6c4b' multiply 
defined.


LaTeX Warning: Label `group__main_gaca4002ebd1dcbb1eff2ec63ee924892f' multiply 
defined.


LaTeX Warning: Label `group__main_gacb3e16f99a51bb18c29e0668a8b0a75d' multiply 
defined.


LaTeX Warning: Label `group__main_ga11287b16260f611508b59bc017646b8b' multiply 
defined.


LaTeX Warning: Label `group__main_ga2c557028dbc226ddcf2e0a7957178c32' multiply 
defined.


LaTeX Warning: Label `group__main_gae80c6f2768f1758503261fbc18ee9eb7' multiply 
defined.


LaTeX Warning: Label `group__main_ga9d5a721bb90868a091edb6940bd7eb8d' multiply 
defined.


LaTeX Warning: Label `group__main_ga66087cffe6c68fe543621343e8bcd751' multiply 
defined.


LaTeX Warning: Label `group__main_ga42a0809c7a977aba4306fadc6d779545' multiply 
defined.


LaTeX Warning: Label `group__main_gad2edb4f30990738fb53001fe0c0f4ee5' multiply 
defined.


LaTeX Warning: Label `group__main_gaf04f40a07e81cb2ca26d3d8922664937' multiply 
defined.


LaTeX Warning: Label `group__main_gadc64e664206404b3c654bcd71d0e1d5e' multiply 
defined.


LaTeX Warning: Label `group__main_gac7781a37ca14c5bf42c4fe9de1f4daa8' multiply 
defined.


LaTeX Warning: Label `group__main_gaeca23ad01b13484c7312b200ed6784f5' multiply 
defined.


LaTeX Warning: Label `group__main_gae5aef890ef31321222ea054aa00125bf' multiply 
defined.


LaTeX Warning: Label `group__main_ga62e8e90e87e4843689cf8ddcf8aa8644' multiply 
defined.


LaTeX Warning: Label `group__main_gab340f4007d4f592c05d26af52abdd76a' multiply 
defined.


LaTeX Warning: Label `group__main_ga4087d222fc7fd5618b4ef683f759e4dd' multiply 
defined.


LaTeX Warning: Label `group__main_gac183334870c7d6b315d6eab9a63d36d2' multiply 
defined.


LaTeX Warning: Label `group__main_ga7931e0891699e412246d057cb3a3ec6d' multiply 
defined.


LaTeX Warning: Label `group__main_ga48cf4117469613426debd4f85c460808' multiply 
defined.


LaTeX Warning: Label `group__main_ga57b981cfd8c3af7a1cdf90770f85aa8d' multiply 
defined.


LaTeX Warning: Label `group__main_ga56c8fe85f8461ba0d291361c3a933870' multiply 
defined.


LaTeX Warning: Label `group__main_ga8908e7ed7819607140342740d85e2b56' multiply 
defined.


LaTeX Warning: Label `group__main_gabf0863d719058ff6e45a37b5bcf04b48' multiply 
defined.


LaTeX Warning: Label `group__main_gab3ee56c263833429c4f874777c7c8213' multiply 
defined.


LaTeX Warning: Label `group__main_ga247b18b1a4a3625b0ff4f0792c8d1d3d' multiply 
defined.


LaTeX Warning: Label `group__main_ga4bd78858057f77134858778f80f12f48' multiply 
defined.


LaTeX Warning: Label `group__main_gad08068c1a902b6de5c7ff899e3a731fa' multiply 
defined.


LaTeX Warning: Label `group__main_ga46b9c288b9e05a095968531ed38f9877' multiply 
defined.


LaTeX Warning: Label `group__can_gac4133801d9adaaf42e7a43018c159127' multiply d
efined.


LaTeX Warning: Label `group__can_ga29ca95ce06b46820080e6bf39aca3f5d' multiply d
efined.


LaTeX Warning: Label `group__can_gaff8c7fc3028fe24b6a3dfc003054d3eb' multiply d
efined.


LaTeX Warning: Label `group__can_ga52abe12031912f44f79fe7e6af042d1b' multiply d
efined.


LaTeX Warning: Label `group__can_ga7be3d201a4dda59f8a16898c935c2b39' multiply d
efined.


LaTeX Warning: Label `group__can_gaf18f4716d0060c65756daf517d339968' multiply d
efined.


LaTeX Warning: Label `group__can_ga9f78b3c42a3e8039350f2332aacef2b9' multiply d
efined.


LaTeX Warning: Label `group__can_ga0926474bc6315f1d7d9d81492629e6ca' multiply d
efined.


LaTeX Warning: Label `group__can_gab3e48a42131e0f03105ed354041bbdba' multiply d
efined.


LaTeX Warning: Label `group__can_gac0bc127d4f90b38d86aa09297379697b' multiply d
efined.


LaTeX Warning: Label `group__can_ga8119e51b53388c64e3bdd771bd9ab642' multiply d
efined.


LaTeX Warning: Label `group__can_ga3efadd966e76741e5e8f711e9bc7ed9d' multiply d
efined.


LaTeX Warning: Label `group__can_gac4133801d9adaaf42e7a43018c159127' multiply d
efined.


LaTeX Warning: Label `group__can_gaf18f4716d0060c65756daf517d339968' multiply d
efined.


LaTeX Warning: Label `group__can_ga9f78b3c42a3e8039350f2332aacef2b9' multiply d
efined.


LaTeX Warning: Label `group__can_ga29ca95ce06b46820080e6bf39aca3f5d' multiply d
efined.


LaTeX Warning: Label `group__can_gab3e48a42131e0f03105ed354041bbdba' multiply d
efined.


LaTeX Warning: Label `group__can_ga7be3d201a4dda59f8a16898c935c2b39' multiply d
efined.


LaTeX Warning: Label `group__can_gac2e0bfcf7677115090c357ff1cef0fa2' multiply d
efined.


LaTeX Warning: Label `group__can_ga0926474bc6315f1d7d9d81492629e6ca' multiply d
efined.


LaTeX Warning: Label `group__can_ga8119e51b53388c64e3bdd771bd9ab642' multiply d
efined.


LaTeX Warning: Label `group__can_gac0bc127d4f90b38d86aa09297379697b' multiply d
efined.


LaTeX Warning: Label `group__can_ga3efadd966e76741e5e8f711e9bc7ed9d' multiply d
efined.


LaTeX Warning: Label `group__can_ga2a5c69391db363ee151e2e700becc044' multiply d
efined.


LaTeX Warning: Label `group__can_ga71ab0da5b7baa0e05ab444f76dd776c2' multiply d
efined.


LaTeX Warning: Label `group__can_ga52abe12031912f44f79fe7e6af042d1b' multiply d
efined.


LaTeX Warning: Label `group__can_gaff8c7fc3028fe24b6a3dfc003054d3eb' multiply d
efined.

)
\openout1 = `refman.aux'.

LaTeX Font Info:    Checking defaults for OML/cmm/m/it on input line 29.
LaTeX Font Info:    ... okay on input line 29.
LaTeX Font Info:    Checking defaults for T1/cmr/m/n on input line 29.
LaTeX Font Info:    ... okay on input line 29.
LaTeX Font Info:    Checking defaults for OT1/cmr/m/n on input line 29.
LaTeX Font Info:    ... okay on input line 29.
LaTeX Font Info:    Checking defaults for OMS/cmsy/m/n on input line 29.
LaTeX Font Info:    ... okay on input line 29.
LaTeX Font Info:    Checking defaults for OMX/cmex/m/n on input line 29.
LaTeX Font Info:    ... okay on input line 29.
LaTeX Font Info:    Checking defaults for U/cmr/m/n on input line 29.
LaTeX Font Info:    ... okay on input line 29.
LaTeX Font Info:    Checking defaults for TS1/cmr/m/n on input line 29.
LaTeX Font Info:    Try loading font information for TS1+cmr on input line 29.
 (/usr/share/texmf-texlive/tex/latex/base/ts1cmr.fd
File: ts1cmr.fd 1999/05/25 v2.5h Standard LaTeX font definitions
)
LaTeX Font Info:    ... okay on input line 29.
LaTeX Font Info:    Try loading font information for T1+phv on input line 29.

(/usr/share/texmf-texlive/tex/latex/psnfss/t1phv.fd
File: t1phv.fd 2001/06/04 scalable font definitions for T1/phv.
)
LaTeX Font Info:    Font shape `T1/phv/m/n' will be
(Font)              scaled to size 8.99994pt on input line 29.

(/usr/share/texmf-texlive/tex/context/base/supp-pdf.mkii
[Loading MPS to PDF converter (version 2006.09.02).]
\scratchcounter=\count118
\scratchdimen=\dimen122
\scratchbox=\box61
\nofMPsegments=\count119
\nofMParguments=\count120
\everyMPshowfont=\toks25
\MPscratchCnt=\count121
\MPscratchDim=\dimen123
\MPnumerator=\count122
\everyMPtoPDFconversion=\toks26
)
\c@lstlisting=\count123
\big@size=\dimen124
LaTeX Font Info:    Font shape `T1/phv/m/n' will be
(Font)              scaled to size 12.9599pt on input line 33.
LaTeX Font Info:    Font shape `T1/phv/m/n' will be
(Font)              scaled to size 10.79993pt on input line 35.
LaTeX Font Info:    Font shape `T1/phv/m/n' will be
(Font)              scaled to size 8.09995pt on input line 37.
 [1


{/var/lib/texmf/fonts/map/pdftex/updmap/pdftex.map}] [2

]
LaTeX Font Info:    Font shape `T1/phv/m/n' will be
(Font)              scaled to size 22.39185pt on input line 42.
LaTeX Font Info:    Font shape `T1/phv/bx/n' in size <24.88> not available
(Font)              Font shape `T1/phv/b/n' tried instead on input line 42.
LaTeX Font Info:    Font shape `T1/phv/b/n' will be
(Font)              scaled to size 22.39185pt on input line 42.
LaTeX Font Info:    Try loading font information for OT1+phv on input line 42.

(/usr/share/texmf-texlive/tex/latex/psnfss/ot1phv.fd
File: ot1phv.fd 2001/06/04 scalable font definitions for OT1/phv.
)
LaTeX Font Info:    Font shape `OT1/phv/bc/n' will be
(Font)              scaled to size 22.39185pt on input line 42.
 (./refman.toc
LaTeX Font Info:    Font shape `T1/phv/bx/n' in size <10> not available
(Font)              Font shape `T1/phv/b/n' tried instead on input line 1.
LaTeX Font Info:    Font shape `T1/phv/b/n' will be
(Font)              scaled to size 8.99994pt on input line 1.
LaTeX Font Info:    Try loading font information for OT1+ztmcm on input line 1.


(/usr/share/texmf-texlive/tex/latex/psnfss/ot1ztmcm.fd
File: ot1ztmcm.fd 2000/01/03 Fontinst v1.801 font definitions for OT1/ztmcm.
)
LaTeX Font Info:    Try loading font information for OML+ztmcm on input line 1.


(/usr/share/texmf-texlive/tex/latex/psnfss/omlztmcm.fd
File: omlztmcm.fd 2000/01/03 Fontinst v1.801 font definitions for OML/ztmcm.
)
LaTeX Font Info:    Try loading font information for OMS+ztmcm on input line 1.


(/usr/share/texmf-texlive/tex/latex/psnfss/omsztmcm.fd
File: omsztmcm.fd 2000/01/03 Fontinst v1.801 font definitions for OMS/ztmcm.
)
LaTeX Font Info:    Try loading font information for OMX+ztmcm on input line 1.


(/usr/share/texmf-texlive/tex/latex/psnfss/omxztmcm.fd
File: omxztmcm.fd 2000/01/03 Fontinst v1.801 font definitions for OMX/ztmcm.
)
LaTeX Font Info:    Try loading font information for OT1+ptm on input line 1.

(/usr/share/texmf-texlive/tex/latex/psnfss/ot1ptm.fd
File: ot1ptm.fd 2001/06/04 font definitions for OT1/ptm.
)
LaTeX Font Info:    Font shape `OT1/ptm/bx/n' in size <10> not available
(Font)              Font shape `OT1/ptm/b/n' tried instead on input line 1.
LaTeX Font Info:    Font shape `OT1/ptm/bx/n' in size <7.4> not available
(Font)              Font shape `OT1/ptm/b/n' tried instead on input line 1.
LaTeX Font Info:    Font shape `OT1/ptm/bx/n' in size <6> not available
(Font)              Font shape `OT1/ptm/b/n' tried instead on input line 1.
 [1

])
\tf@toc=\write4
\openout4 = `refman.toc'.

LaTeX Font Info:    Font shape `T1/phv/bx/n' in size <7> not available
(Font)              Font shape `T1/phv/b/n' tried instead on input line 43.
LaTeX Font Info:    Font shape `T1/phv/b/n' will be
(Font)              scaled to size 6.29996pt on input line 43.
 [2] [3] [4

]
Chapter 1.
LaTeX Font Info:    Font shape `T1/phv/m/n' will be
(Font)              scaled to size 18.66588pt on input line 45.
LaTeX Font Info:    Font shape `T1/phv/bx/n' in size <20.74> not available
(Font)              Font shape `T1/phv/b/n' tried instead on input line 45.
LaTeX Font Info:    Font shape `T1/phv/b/n' will be
(Font)              scaled to size 18.66588pt on input line 45.
LaTeX Font Info:    Font shape `OT1/phv/bc/n' will be
(Font)              scaled to size 18.66588pt on input line 45.
(./index.tex) [1

] [2

]
Chapter 2.
(./modules.tex
LaTeX Font Info:    Font shape `T1/phv/bx/n' in size <14.4> not available
(Font)              Font shape `T1/phv/b/n' tried instead on input line 1.
LaTeX Font Info:    Font shape `T1/phv/b/n' will be
(Font)              scaled to size 12.9599pt on input line 1.
LaTeX Font Info:    Font shape `OT1/phv/bc/n' will be
(Font)              scaled to size 12.9599pt on input line 1.
) [3] [4

]
Chapter 3.
(./annotated.tex) [5] [6

]
Chapter 4.
(./files.tex

LaTeX Warning: Reference `mcp2515__defs_8h' on page 7 undefined on input line 7
.


LaTeX Warning: Reference `uart_8h' on page 7 undefined on input line 8.

) [7] [8

]
Chapter 5.
(./group__main.tex
LaTeX Font Info:    Font shape `T1/phv/bx/n' in size <12> not available
(Font)              Font shape `T1/phv/b/n' tried instead on input line 8.
LaTeX Font Info:    Font shape `T1/phv/b/n' will be
(Font)              scaled to size 10.79993pt on input line 8.
LaTeX Font Info:    Font shape `OT1/phv/bc/n' will be
(Font)              scaled to size 10.79993pt on input line 8.
LaTeX Font Info:    Try loading font information for TS1+phv on input line 11.
 (/usr/share/texmf-texlive/tex/latex/psnfss/ts1phv.fd
File: ts1phv.fd 2001/06/04 scalable font definitions for TS1/phv.
)
LaTeX Font Info:    Font shape `TS1/phv/m/n' will be
(Font)              scaled to size 8.99994pt on input line 11.
LaTeX Font Info:    Font shape `T1/phv/m/it' in size <9> not available
(Font)              Font shape `T1/phv/m/sl' tried instead on input line 13.
LaTeX Font Info:    Font shape `T1/phv/m/sl' will be
(Font)              scaled to size 8.09995pt on input line 13.

[9]
LaTeX Font Info:    Font shape `OT1/ptm/bx/n' in size <9> not available
(Font)              Font shape `OT1/ptm/b/n' tried instead on input line 97.
LaTeX Font Info:    Font shape `OT1/ptm/bx/n' in size <7> not available
(Font)              Font shape `OT1/ptm/b/n' tried instead on input line 97.
LaTeX Font Info:    Font shape `OT1/ptm/bx/n' in size <5> not available
(Font)              Font shape `OT1/ptm/b/n' tried instead on input line 97.
 [10]
LaTeX Font Info:    Font shape `OT1/phv/bc/n' will be
(Font)              scaled to size 8.99994pt on input line 151.
LaTeX Font Info:    Font shape `OT1/phv/bc/it' in size <10> not available
(Font)              Font shape `OT1/phv/bc/sl' tried instead on input line 164.

LaTeX Font Info:    Font shape `OT1/phv/bc/sl' will be
(Font)              scaled to size 8.99994pt on input line 164.
 [11]
LaTeX Font Info:    Font shape `T1/phv/m/it' in size <10> not available
(Font)              Font shape `T1/phv/m/sl' tried instead on input line 171.
LaTeX Font Info:    Font shape `T1/phv/m/sl' will be
(Font)              scaled to size 8.99994pt on input line 171.

Underfull \vbox (badness 10000) detected at line 173
 []



pdfTeX warning: /usr/bin/pdflatex (file ./group__main_gafca6601c8f57d250bd50f48
913b2b72c_cgraph.pdf): PDF inclusion: found PDF version <1.5>, but at most vers
ion <1.4> allowed

<group__main_gafca6601c8f57d250bd50f48913b2b72c_cgraph.pdf, id=61, 303.1325pt x
 222.8325pt>
File: group__main_gafca6601c8f57d250bd50f48913b2b72c_cgraph.pdf Graphic file (t
ype pdf)
 <use group__main_gafca6601c8f57d250bd50f48913b2b72c_cgraph.pdf>

pdfTeX warning: /usr/bin/pdflatex (file ./group__main_gafca6601c8f57d250bd50f48
913b2b72c_icgraph.pdf): PDF inclusion: found PDF version <1.5>, but at most ver
sion <1.4> allowed

<group__main_gafca6601c8f57d250bd50f48913b2b72c_icgraph.pdf, id=63, 405.515pt x
 122.4575pt>
File: group__main_gafca6601c8f57d250bd50f48913b2b72c_icgraph.pdf Graphic file (
type pdf)
 <use group__main_gafca6601c8f57d250bd50f48913b2b72c_icgraph.pdf>
Overfull \hbox (5.0pt too wide) in paragraph at lines 190--192
 [] 
 []

[12 <./group__main_gafca6601c8f57d250bd50f48913b2b72c_cgraph.pdf> <./group__mai
n_gafca6601c8f57d250bd50f48913b2b72c_icgraph.pdf>]
Underfull \vbox (badness 10000) detected at line 211
 []


Overfull \hbox (21.89388pt too wide) in alignment at lines 213--216
 [] [] 
 []


Underfull \vbox (badness 10000) detected at line 216
 []



pdfTeX warning: /usr/bin/pdflatex (file ./group__main_ga6c19b333de1e78f3afe9851
09ed1af2f_cgraph.pdf): PDF inclusion: found PDF version <1.5>, but at most vers
ion <1.4> allowed

<group__main_ga6c19b333de1e78f3afe985109ed1af2f_cgraph.pdf, id=83, 254.9525pt x
 222.8325pt>
File: group__main_ga6c19b333de1e78f3afe985109ed1af2f_cgraph.pdf Graphic file (t
ype pdf)
 <use group__main_ga6c19b333de1e78f3afe985109ed1af2f_cgraph.pdf>

pdfTeX warning: /usr/bin/pdflatex (file ./group__main_ga6c19b333de1e78f3afe9851
09ed1af2f_icgraph.pdf): PDF inclusion: found PDF version <1.5>, but at most ver
sion <1.4> allowed

<group__main_ga6c19b333de1e78f3afe985109ed1af2f_icgraph.pdf, id=85, 329.23pt x 
102.3825pt>
File: group__main_ga6c19b333de1e78f3afe985109ed1af2f_icgraph.pdf Graphic file (
type pdf)
 <use group__main_ga6c19b333de1e78f3afe985109ed1af2f_icgraph.pdf>
[13 <./group__main_ga6c19b333de1e78f3afe985109ed1af2f_cgraph.pdf> <./group__mai
n_ga6c19b333de1e78f3afe985109ed1af2f_icgraph.pdf>]

pdfTeX warning: /usr/bin/pdflatex (file ./group__main_ga840291bc02cba5474a4cb46
a9b9566fe_cgraph.pdf): PDF inclusion: found PDF version <1.5>, but at most vers
ion <1.4> allowed

<group__main_ga840291bc02cba5474a4cb46a9b9566fe_cgraph.pdf, id=105, 538.01pt x 
580.1675pt>
File: group__main_ga840291bc02cba5474a4cb46a9b9566fe_cgraph.pdf Graphic file (t
ype pdf)
 <use group__main_ga840291bc02cba5474a4cb46a9b9566fe_cgraph.pdf>
Overfull \hbox (5.0pt too wide) in paragraph at lines 294--296
 [] 
 []


Underfull \vbox (badness 10000) has occurred while \output is active []

 [14]
Underfull \vbox (badness 10000) detected at line 315
 []



pdfTeX warning: /usr/bin/pdflatex (file ./group__main_gae488c7bb1766cf3e179e3b2
2946e71b0_cgraph.pdf): PDF inclusion: found PDF version <1.5>, but at most vers
ion <1.4> allowed

<group__main_gae488c7bb1766cf3e179e3b22946e71b0_cgraph.pdf, id=110, 457.71pt x 
222.8325pt>
File: group__main_gae488c7bb1766cf3e179e3b22946e71b0_cgraph.pdf Graphic file (t
ype pdf)
 <use group__main_gae488c7bb1766cf3e179e3b22946e71b0_cgraph.pdf>
Overfull \hbox (5.0pt too wide) in paragraph at lines 321--323
 [] 
 []


Underfull \vbox (badness 10000) has occurred while \output is active []

 [15 <./group__main_ga840291bc02cba5474a4cb46a9b9566fe_cgraph.pdf>]

pdfTeX warning: /usr/bin/pdflatex (file ./group__main_gae488c7bb1766cf3e179e3b2
2946e71b0_icgraph.pdf): PDF inclusion: found PDF version <1.5>, but at most ver
sion <1.4> allowed

<group__main_gae488c7bb1766cf3e179e3b22946e71b0_icgraph.pdf, id=122, 273.02pt x
 102.3825pt>
File: group__main_gae488c7bb1766cf3e179e3b22946e71b0_icgraph.pdf Graphic file (
type pdf)
 <use group__main_gae488c7bb1766cf3e179e3b22946e71b0_icgraph.pdf>
Underfull \vbox (badness 10000) detected at line 353
 []



pdfTeX warning: /usr/bin/pdflatex (file ./group__main_gaccfe82780d5e9861fc6f2fb
a3728b0c3_cgraph.pdf): PDF inclusion: found PDF version <1.5>, but at most vers
ion <1.4> allowed

<group__main_gaccfe82780d5e9861fc6f2fba3728b0c3_cgraph.pdf, id=124, 299.1175pt 
x 142.5325pt>
File: group__main_gaccfe82780d5e9861fc6f2fba3728b0c3_cgraph.pdf Graphic file (t
ype pdf)
 <use group__main_gaccfe82780d5e9861fc6f2fba3728b0c3_cgraph.pdf>
Underfull \vbox (badness 10000) has occurred while \output is active []

 [16 <./group__main_gae488c7bb1766cf3e179e3b22946e71b0_cgraph.pdf> <./group__ma
in_gae488c7bb1766cf3e179e3b22946e71b0_icgraph.pdf>]

pdfTeX warning: /usr/bin/pdflatex (file ./group__main_gaccfe82780d5e9861fc6f2fb
a3728b0c3_icgraph.pdf): PDF inclusion: found PDF version <1.5>, but at most ver
sion <1.4> allowed

<group__main_gaccfe82780d5e9861fc6f2fba3728b0c3_icgraph.pdf, id=143, 279.0425pt
 x 102.3825pt>
File: group__main_gaccfe82780d5e9861fc6f2fba3728b0c3_icgraph.pdf Graphic file (
type pdf)

<use group__main_gaccfe82780d5e9861fc6f2fba3728b0c3_icgraph.pdf>
Underfull \vbox (badness 10000) detected at line 392
 []



pdfTeX warning: /usr/bin/pdflatex (file ./group__main_gad779a6805e18bdf90cf6b30
e1bc8fd77_cgraph.pdf): PDF inclusion: found PDF version <1.5>, but at most vers
ion <1.4> allowed

<group__main_gad779a6805e18bdf90cf6b30e1bc8fd77_cgraph.pdf, id=145, 311.1625pt 
x 303.1325pt>
File: group__main_gad779a6805e18bdf90cf6b30e1bc8fd77_cgraph.pdf Graphic file (t
ype pdf)
 <use group__main_gad779a6805e18bdf90cf6b30e1bc8fd77_cgraph.pdf>
Underfull \vbox (badness 10000) has occurred while \output is active []

 [17 <./group__main_gaccfe82780d5e9861fc6f2fba3728b0c3_cgraph.pdf> <./group__ma
in_gaccfe82780d5e9861fc6f2fba3728b0c3_icgraph.pdf>]

pdfTeX warning: /usr/bin/pdflatex (file ./group__main_gad779a6805e18bdf90cf6b30
e1bc8fd77_icgraph.pdf): PDF inclusion: found PDF version <1.5>, but at most ver
sion <1.4> allowed

<group__main_gad779a6805e18bdf90cf6b30e1bc8fd77_icgraph.pdf, id=164, 258.9675pt
 x 102.3825pt>
File: group__main_gad779a6805e18bdf90cf6b30e1bc8fd77_icgraph.pdf Graphic file (
type pdf)

<use group__main_gad779a6805e18bdf90cf6b30e1bc8fd77_icgraph.pdf> [18 <./group__
main_gad779a6805e18bdf90cf6b30e1bc8fd77_cgraph.pdf> <./group__main_gad779a6805e
18bdf90cf6b30e1bc8fd77_icgraph.pdf>]
Underfull \vbox (badness 10000) detected at line 431
 []



pdfTeX warning: /usr/bin/pdflatex (file ./group__main_ga9ca6dd836cf0a0e07a41b38
8bab381ab_icgraph.pdf): PDF inclusion: found PDF version <1.5>, but at most ver
sion <1.4> allowed

<group__main_ga9ca6dd836cf0a0e07a41b388bab381ab_icgraph.pdf, id=183, 367.3725pt
 x 102.3825pt>
File: group__main_ga9ca6dd836cf0a0e07a41b388bab381ab_icgraph.pdf Graphic file (
type pdf)

<use group__main_ga9ca6dd836cf0a0e07a41b388bab381ab_icgraph.pdf>
Overfull \hbox (5.0pt too wide) in paragraph at lines 437--439
 [] 
 []


Underfull \vbox (badness 10000) detected at line 458
 []

LaTeX Font Info:    Font shape `T1/phv/m/n' will be
(Font)              scaled to size 7.19995pt on input line 466.
LaTeX Font Info:    Try loading font information for T1+pcr on input line 466.
(/usr/share/texmf-texlive/tex/latex/psnfss/t1pcr.fd
File: t1pcr.fd 2001/06/04 font definitions for T1/pcr.
)) [19 <./group__main_ga9ca6dd836cf0a0e07a41b388bab381ab_icgraph.pdf>]
\openout2 = `group__can.aux'.

 (./group__can.tex [20

]) [21]
\openout2 = `group__uart.aux'.


(./group__uart.tex
Underfull \hbox (badness 10000) in paragraph at lines 11--12
[]\T1/phv/m/n/10 #define \T1/phv/b/n/10 -U-A-R-T-_--B-A-U-D-_--S-E-L-E-C-T\T1/p
hv/m/n/10 (baud-Rate, xtal-Cpu) ((xtal-Cpu)/((baud-
 []

[22


]
Underfull \vbox (badness 10000) detected at line 97
 []


Underfull \vbox (badness 10000) detected at line 116
 []

[23] [24]
Underfull \vbox (badness 10000) detected at line 210
 []



pdfTeX warning: /usr/bin/pdflatex (file ./group__uart_gaefaab30a8338ec46a6be35b
99b1b4f09_icgraph.pdf): PDF inclusion: found PDF version <1.5>, but at most ver
sion <1.4> allowed

<group__uart_gaefaab30a8338ec46a6be35b99b1b4f09_icgraph.pdf, id=212, 373.395pt 
x 122.4575pt>
File: group__uart_gaefaab30a8338ec46a6be35b99b1b4f09_icgraph.pdf Graphic file (
type pdf)
 <use group__uart_gaefaab30a8338ec46a6be35b99b1b4f09_icgraph.pdf>
Overfull \hbox (5.0pt too wide) in paragraph at lines 232--234
 [] 
 []

[25 <./group__uart_gaefaab30a8338ec46a6be35b99b1b4f09_icgraph.pdf>]
Underfull \vbox (badness 10000) detected at line 253
 []



pdfTeX warning: /usr/bin/pdflatex (file ./group__uart_gac19a76bb7d446125734a67f
9f4b68991_icgraph.pdf): PDF inclusion: found PDF version <1.5>, but at most ver
sion <1.4> allowed

<group__uart_gac19a76bb7d446125734a67f9f4b68991_icgraph.pdf, id=225, 206.7725pt
 x 102.3825pt>
File: group__uart_gac19a76bb7d446125734a67f9f4b68991_icgraph.pdf Graphic file (
type pdf)

<use group__uart_gac19a76bb7d446125734a67f9f4b68991_icgraph.pdf>
Underfull \vbox (badness 10000) detected at line 283
 []



pdfTeX warning: /usr/bin/pdflatex (file ./group__uart_gad975221bc08b901e4c7ad69
f9c9a97e2_icgraph.pdf): PDF inclusion: found PDF version <1.5>, but at most ver
sion <1.4> allowed

<group__uart_gad975221bc08b901e4c7ad69f9c9a97e2_icgraph.pdf, id=227, 353.32pt x
 180.675pt>
File: group__uart_gad975221bc08b901e4c7ad69f9c9a97e2_icgraph.pdf Graphic file (
type pdf)
 <use group__uart_gad975221bc08b901e4c7ad69f9c9a97e2_icgraph.pdf>
Overfull \hbox (5.0pt too wide) in paragraph at lines 292--294
 [] 
 []


Underfull \vbox (badness 10000) has occurred while \output is active []

 [26 <./group__uart_gac19a76bb7d446125734a67f9f4b68991_icgraph.pdf>]
Underfull \vbox (badness 10000) detected at line 315
 []



pdfTeX warning: /usr/bin/pdflatex (file ./group__uart_gae52facc0a56086a365bb001
8160d8d71_icgraph.pdf): PDF inclusion: found PDF version <1.5>, but at most ver
sion <1.4> allowed

<group__uart_gae52facc0a56086a365bb0018160d8d71_icgraph.pdf, id=239, 373.395pt 
x 301.125pt>
File: group__uart_gae52facc0a56086a365bb0018160d8d71_icgraph.pdf Graphic file (
type pdf)
 <use group__uart_gae52facc0a56086a365bb0018160d8d71_icgraph.pdf>
Overfull \hbox (5.0pt too wide) in paragraph at lines 324--326
 [] 
 []


Underfull \vbox (badness 8056) has occurred while \output is active []

 [27 <./group__uart_gad975221bc08b901e4c7ad69f9c9a97e2_icgraph.pdf>]
Underfull \vbox (badness 10000) detected at line 347
 []

[28 <./group__uart_gae52facc0a56086a365bb0018160d8d71_icgraph.pdf>]) [29]
[30


]
Chapter 6.
(./structt_c_a_n.tex) (./structt_extended_c_a_n.tex [31]) [32]
Chapter 7.
(./defaults_8h.tex
Underfull \hbox (badness 6396) in paragraph at lines 1--1
[]\OT1/phv/bc/n/14.4 workspace/-Uniprojekt/-Platine16-Mhz/-Abgabe/defaults.h -F
ile -
 []



pdfTeX warning: /usr/bin/pdflatex (file ./defaults_8h__dep__incl.pdf): PDF incl
usion: found PDF version <1.5>, but at most version <1.4> allowed
<defaults_8h__dep__incl.pdf, id=274, 341.275pt x 160.6pt>
File: defaults_8h__dep__incl.pdf Graphic file (type pdf)

<use defaults_8h__dep__incl.pdf> [33

 <./defaults_8h__dep__incl.pdf>])
(./m_board_8h.tex
Underfull \hbox (badness 7522) in paragraph at lines 1--1
[]\OT1/phv/bc/n/14.4 workspace/-Uniprojekt/-Platine16-Mhz/-Abgabe/m-Board.h -Fi
le -
 []

[34] [35]) (./mcp2515_8c.tex
Underfull \hbox (badness 2237) in paragraph at lines 1--1
[]\OT1/phv/bc/n/14.4 workspace/-Uniprojekt/-Platine16-Mhz/-Abgabe/mcp2515.c -Fi
le -
 []

[36]

pdfTeX warning: /usr/bin/pdflatex (file ./mcp2515_8c__incl.pdf): PDF inclusion:
 found PDF version <1.5>, but at most version <1.4> allowed
<mcp2515_8c__incl.pdf, id=295, 465.74pt x 218.8175pt>
File: mcp2515_8c__incl.pdf Graphic file (type pdf)

<use mcp2515_8c__incl.pdf>
Overfull \hbox (5.0pt too wide) in paragraph at lines 18--20
 [] 
 []


Underfull \hbox (badness 10000) in paragraph at lines 8--21
[]\T1/pcr/m/n/10 #include $\OML/ztmcm/m/it/10 <$\T1/pcr/m/n/10 avr/io.-h$\OML/z
tmcm/m/it/10 >$\OMS/ztmcm/m/n/10 ^^B \T1/pcr/m/n/10 #include $\OML/ztmcm/m/it/1
0 <$\T1/pcr/m/n/10 util/delay.-h$\OML/ztmcm/m/it/10 >$\OMS/ztmcm/m/n/10 ^^B \T1
/pcr/m/n/10 #include
 []

) (./mcp2515_8h.tex
Underfull \hbox (badness 1867) in paragraph at lines 1--1
[]\OT1/phv/bc/n/14.4 workspace/-Uniprojekt/-Platine16-Mhz/-Abgabe/mcp2515.h -Fi
le -
 []



pdfTeX warning: /usr/bin/pdflatex (file ./mcp2515_8h__incl.pdf): PDF inclusion:
 found PDF version <1.5>, but at most version <1.4> allowed
<mcp2515_8h__incl.pdf, id=297, 360.34625pt x 160.6pt>
File: mcp2515_8h__incl.pdf Graphic file (type pdf)

<use mcp2515_8h__incl.pdf>
Overfull \hbox (5.0pt too wide) in paragraph at lines 9--11
 [] 
 []


Underfull \hbox (badness 2653) in paragraph at lines 3--12
\T1/pcr/m/n/10 #include $\OML/ztmcm/m/it/10 <$\T1/pcr/m/n/10 inttypes.-h$\OML/z
tmcm/m/it/10 >$\OMS/ztmcm/m/n/10 ^^B \T1/pcr/m/n/10 #include $\OML/ztmcm/m/it/1
0 <$\T1/pcr/m/n/10 avr/pgmspace.-h$\OML/ztmcm/m/it/10 >$\OMS/ztmcm/m/n/10 ^^B \
T1/pcr/m/n/10 #include
 []

[37 <./mcp2515_8c__incl.pdf>]

pdfTeX warning: /usr/bin/pdflatex (file ./mcp2515_8h__dep__incl.pdf): PDF inclu
sion: found PDF version <1.5>, but at most version <1.4> allowed
<mcp2515_8h__dep__incl.pdf, id=310, 341.275pt x 160.6pt>
File: mcp2515_8h__dep__incl.pdf Graphic file (type pdf)

<use mcp2515_8h__dep__incl.pdf> [38 <./mcp2515_8h__incl.pdf> <./mcp2515_8h__dep
__incl.pdf>]) (./refman.ind [39]
Underfull \hbox (badness 10000) in paragraph at lines 24--26
[]| \T1/phv/m/n/10 -U-A-R-T-_--B-A-U-D-_--S-E-L-E-C-T-_--D-O-U-B-L-E-_--
 []


Underfull \hbox (badness 10000) in paragraph at lines 40--41
[]\T1/phv/m/n/10 -U-A-R-T-_--B-A-U-D-_--S-E-L-E-C-T-_--D-O-U-B-L-E-_--S-P-E-
 []

[40

]
Underfull \hbox (badness 10000) in paragraph at lines 108--110
[]\T1/phv/m/n/10 workspace/-Uniprojekt/-Platine16-Mhz/-
 []


Underfull \hbox (badness 10000) in paragraph at lines 110--112
[]\T1/phv/m/n/10 workspace/-Uniprojekt/-Platine16-Mhz/-
 []


Underfull \hbox (badness 10000) in paragraph at lines 112--114
[]\T1/phv/m/n/10 workspace/-Uniprojekt/-Platine16-Mhz/-
 []


Underfull \hbox (badness 10000) in paragraph at lines 114--116
[]\T1/phv/m/n/10 workspace/-Uniprojekt/-Platine16-Mhz/-
 []

[41

]) (./refman.aux (./group__can.aux) (./group__uart.aux))

LaTeX Warning: There were undefined references.


LaTeX Warning: There were multiply-defined labels.

 ) 
Here is how much of TeX's memory you used:
 5769 strings out of 495021
 82887 string characters out of 1181035
 163590 words of memory out of 3000000
 8758 multiletter control sequences out of 15000+50000
 73712 words of font info for 103 fonts, out of 3000000 for 9000
 28 hyphenation exceptions out of 8191
 41i,13n,58p,893b,432s stack positions out of 5000i,500n,10000p,200000b,50000s
{/usr/share/texmf-texlive/fonts/enc/dvips/base/8r.enc}</usr/share/texmf-texli
ve/fonts/type1/public/amsfonts/cm/cmmi10.pfb></usr/share/texmf-texlive/fonts/ty
pe1/public/amsfonts/cm/cmsy10.pfb></usr/share/texmf-texlive/fonts/type1/urw/cou
rier/ucrr8a.pfb></usr/share/texmf-texlive/fonts/type1/urw/helvetic/uhvb8a.pfb><
/usr/share/texmf-texlive/fonts/type1/urw/helvetic/uhvb8ac.pfb></usr/share/texmf
-texlive/fonts/type1/urw/helvetic/uhvbo8ac.pfb></usr/share/texmf-texlive/fonts/
type1/urw/helvetic/uhvr8a.pfb></usr/share/texmf-texlive/fonts/type1/urw/helveti
c/uhvro8a.pfb>
Output written on refman.pdf (47 pages, 869655 bytes).
PDF statistics:
 367 PDF objects out of 1000 (max. 8388607)
 0 named destinations out of 1000 (max. 500000)
 101 words of extra memory for PDF output out of 10000 (max. 10000000)

