Determining if the pthread_create exist failed with the following output:
Change Dir: /home/snook/Development/workspace_alica/src/cnc-msl/msl_simulator/build/CMakeFiles/CMakeTmp

Run Build Command:/usr/bin/make "cmTryCompileExec1443749469/fast"
make[1]: Entering directory `/home/snook/Development/workspace_alica/src/cnc-msl/msl_simulator/build/CMakeFiles/CMakeTmp'
/usr/bin/make -f CMakeFiles/cmTryCompileExec1443749469.dir/build.make CMakeFiles/cmTryCompileExec1443749469.dir/build
make[2]: Entering directory `/home/snook/Development/workspace_alica/src/cnc-msl/msl_simulator/build/CMakeFiles/CMakeTmp'
/usr/bin/cmake -E cmake_progress_report /home/snook/Development/workspace_alica/src/cnc-msl/msl_simulator/build/CMakeFiles/CMakeTmp/CMakeFiles 1
Building C object CMakeFiles/cmTryCompileExec1443749469.dir/CheckSymbolExists.c.o
/usr/bin/cc    -o CMakeFiles/cmTryCompileExec1443749469.dir/CheckSymbolExists.c.o   -c /home/snook/Development/workspace_alica/src/cnc-msl/msl_simulator/build/CMakeFiles/CMakeTmp/CheckSymbolExists.c
Linking C executable cmTryCompileExec1443749469
/usr/bin/cmake -E cmake_link_script CMakeFiles/cmTryCompileExec1443749469.dir/link.txt --verbose=1
/usr/bin/cc       CMakeFiles/cmTryCompileExec1443749469.dir/CheckSymbolExists.c.o  -o cmTryCompileExec1443749469 -rdynamic 
CMakeFiles/cmTryCompileExec1443749469.dir/CheckSymbolExists.c.o: In function `main':
CheckSymbolExists.c:(.text+0x16): undefined reference to `pthread_create'
collect2: error: ld returned 1 exit status
make[2]: Leaving directory `/home/snook/Development/workspace_alica/src/cnc-msl/msl_simulator/build/CMakeFiles/CMakeTmp'
make[2]: *** [cmTryCompileExec1443749469] Error 1
make[1]: *** [cmTryCompileExec1443749469/fast] Error 2
make[1]: Leaving directory `/home/snook/Development/workspace_alica/src/cnc-msl/msl_simulator/build/CMakeFiles/CMakeTmp'

File /home/snook/Development/workspace_alica/src/cnc-msl/msl_simulator/build/CMakeFiles/CMakeTmp/CheckSymbolExists.c:
/* */
#include <pthread.h>

int main(int argc, char** argv)
{
  (void)argv;
#ifndef pthread_create
  return ((int*)(&pthread_create))[argc];
#else
  (void)argc;
  return 0;
#endif
}

Determining if the function pthread_create exists in the pthreads failed with the following output:
Change Dir: /home/snook/Development/workspace_alica/src/cnc-msl/msl_simulator/build/CMakeFiles/CMakeTmp

Run Build Command:/usr/bin/make "cmTryCompileExec284407763/fast"
make[1]: Entering directory `/home/snook/Development/workspace_alica/src/cnc-msl/msl_simulator/build/CMakeFiles/CMakeTmp'
/usr/bin/make -f CMakeFiles/cmTryCompileExec284407763.dir/build.make CMakeFiles/cmTryCompileExec284407763.dir/build
make[2]: Entering directory `/home/snook/Development/workspace_alica/src/cnc-msl/msl_simulator/build/CMakeFiles/CMakeTmp'
/usr/bin/cmake -E cmake_progress_report /home/snook/Development/workspace_alica/src/cnc-msl/msl_simulator/build/CMakeFiles/CMakeTmp/CMakeFiles 1
Building C object CMakeFiles/cmTryCompileExec284407763.dir/CheckFunctionExists.c.o
/usr/bin/cc   -DCHECK_FUNCTION_EXISTS=pthread_create   -o CMakeFiles/cmTryCompileExec284407763.dir/CheckFunctionExists.c.o   -c /usr/share/cmake-2.8/Modules/CheckFunctionExists.c
Linking C executable cmTryCompileExec284407763
/usr/bin/cmake -E cmake_link_script CMakeFiles/cmTryCompileExec284407763.dir/link.txt --verbose=1
/usr/bin/cc   -DCHECK_FUNCTION_EXISTS=pthread_create    CMakeFiles/cmTryCompileExec284407763.dir/CheckFunctionExists.c.o  -o cmTryCompileExec284407763 -rdynamic -lpthreads 
/usr/bin/ld: cannot find -lpthreads
collect2: error: ld returned 1 exit status
make[2]: *** [cmTryCompileExec284407763] Error 1
make[2]: Leaving directory `/home/snook/Development/workspace_alica/src/cnc-msl/msl_simulator/build/CMakeFiles/CMakeTmp'
make[1]: Leaving directory `/home/snook/Development/workspace_alica/src/cnc-msl/msl_simulator/build/CMakeFiles/CMakeTmp'
make[1]: *** [cmTryCompileExec284407763/fast] Error 2


